
==============================================
START : FUNC_BUILD_KERNEL
==============================================

build project=keur
build common config=msm8974_sec_defconfig 
build variant config=msm8974pro_sec_klte_eur_defconfig 
build secure option= 
build SEANDROID option= 
make: Entering directory `/home/zparallax/dev/amplitude_tw'
  GEN     /home/zparallax/dev/okernel_tw/Makefile
sound/soc/codecs/audience/Kconfig:40:warning: type of 'SND_SOC_ES_SLIM' redefined from 'boolean' to 'tristate'
sound/soc/codecs/audience/Kconfig:43:warning: type of 'SND_SOC_ES_I2C' redefined from 'boolean' to 'tristate'
sound/soc/codecs/audience/Kconfig:44:warning: choice value used outside its choice group
sound/soc/codecs/audience/Kconfig:41:warning: choice value used outside its choice group
arch/arm/configs/msm8974_sec_defconfig:414:warning: override: reassigning to symbol HID_ELECOM
arch/arm/configs/msm8974_sec_defconfig:575:warning: override: reassigning to symbol KEYS
arch/arm/configs/selinux_defconfig:1:warning: override: reassigning to symbol EXT2_FS_XATTR
arch/arm/configs/selinux_defconfig:13:warning: symbol value 'y' invalid for SECURITY_SELINUX_CHECKREQPROT_VALUE
arch/arm/configs/msm8974pro_sec_klte_eur_defconfig:5:warning: override: reassigning to symbol MSM_ADSPRPC
arch/arm/configs/msm8974pro_sec_klte_eur_defconfig:27:warning: override: reassigning to symbol CFG80211
arch/arm/configs/msm8974pro_sec_klte_eur_defconfig:45:warning: override: reassigning to symbol LCD_CLASS_DEVICE
arch/arm/configs/msm8974pro_sec_klte_eur_defconfig:46:warning: override: reassigning to symbol BACKLIGHT_LCD_SUPPORT
arch/arm/configs/msm8974pro_sec_klte_eur_defconfig:47:warning: override: reassigning to symbol BACKLIGHT_CLASS_DEVICE
arch/arm/configs/msm8974pro_sec_klte_eur_defconfig:91:warning: override: reassigning to symbol USB_DUN_SUPPORT
arch/arm/configs/msm8974pro_sec_klte_eur_defconfig:101:warning: override: reassigning to symbol MHL_VERSION
arch/arm/configs/msm8974pro_sec_klte_eur_defconfig:106:warning: override: reassigning to symbol SEC_PM
arch/arm/configs/msm8974pro_sec_klte_eur_defconfig:107:warning: override: reassigning to symbol SEC_PM_DEBUG
arch/arm/configs/msm8974pro_sec_klte_eur_defconfig:125:warning: override: reassigning to symbol SENSORS_ADSP
arch/arm/configs/msm8974pro_sec_klte_eur_defconfig:158:warning: override: reassigning to symbol BATTERY_BQ28400
arch/arm/configs/msm8974pro_sec_klte_eur_defconfig:164:warning: override: reassigning to symbol QPNP_CHARGER
arch/arm/configs/msm8974pro_sec_klte_eur_defconfig:165:warning: override: reassigning to symbol QPNP_BMS
arch/arm/configs/msm8974pro_sec_klte_eur_defconfig:171:warning: override: reassigning to symbol KS8851
arch/arm/configs/msm8974pro_sec_klte_eur_defconfig:189:warning: override: reassigning to symbol HID
arch/arm/configs/msm8974pro_sec_klte_eur_defconfig:218:warning: override: reassigning to symbol RCU_FAST_NO_HZ
arch/arm/configs/msm8974pro_sec_klte_eur_defconfig:223:warning: override: reassigning to symbol SDP
KCONFIG_SELINUX(arch/arm/configs/selinux_defconfig)
KCONFIG_LOG_SELINUX((null))
KCONFIG_TIMA((null))
KCONFIG_VARIANT(arch/arm/configs/msm8974pro_sec_klte_eur_defconfig)
KCONFIG_DEBUG((null))
#
# configuration written to .config
#
make: Leaving directory `/home/zparallax/dev/amplitude_tw'
make: Entering directory `/home/zparallax/dev/amplitude_tw'
  GEN     /home/zparallax/dev/okernel_tw/Makefile
scripts/kconfig/conf --silentoldconfig Kconfig
sound/soc/codecs/audience/Kconfig:40:warning: type of 'SND_SOC_ES_SLIM' redefined from 'boolean' to 'tristate'
sound/soc/codecs/audience/Kconfig:43:warning: type of 'SND_SOC_ES_I2C' redefined from 'boolean' to 'tristate'
sound/soc/codecs/audience/Kconfig:44:warning: choice value used outside its choice group
sound/soc/codecs/audience/Kconfig:41:warning: choice value used outside its choice group
  GEN     /home/zparallax/dev/okernel_tw/Makefile
  CHK     include/linux/version.h
  Using /home/zparallax/dev/amplitude_tw as source for kernel
  CHK     include/generated/utsrelease.h
make[2]: Nothing to be done for `arch/arm/boot/dtbs'.
make[2]: `include/generated/mach-types.h' is up to date.
  CALL    /home/zparallax/dev/amplitude_tw/scripts/checksyscalls.sh
grep: /home/zparallax/dev/amplitude_tw/scripts/../arch/x86/syscalls/syscall_32.tbl: No such file or directory
  CHK     include/generated/compile.h
  CC      drivers/cpufreq/cpufreq_interactive.o
  CC      drivers/cpufreq/freq_table.o
  LD      drivers/cpufreq/built-in.o
  CC      drivers/cpuidle/cpuidle.o
  CC      drivers/cpuidle/driver.o
  CC      drivers/cpuidle/governor.o
  CC      drivers/cpuidle/sysfs.o
  LD      drivers/crypto/built-in.o
  MKDIR   firmware/ice40xx
  MKDIR   firmware/tsp_synaptics
  MKDIR   firmware/tkey
  MK_FW   firmware/ssp_stm.fw.gen.S
  IHEX    firmware/ssp_stm.fw
  MK_FW   firmware/ssp_stm_rvs.fw.gen.S
  IHEX    firmware/ssp_stm_rvs.fw
  MK_FW   firmware/ssp_stm_88921.fw.gen.S
  IHEX    firmware/ssp_stm_88921.fw
  MK_FW   firmware/ssp_stm_w2014.fw.gen.S
  IHEX    firmware/ssp_stm_w2014.fw
  CC      drivers/cpuidle/governors/ladder.o
  MK_FW   firmware/ssp_crashed.fw.gen.S
  IHEX    firmware/ssp_crashed.fw
  MK_FW   firmware/ice40xx/i2c_top_bitmap_1.fw.gen.S
  IHEX    firmware/ice40xx/i2c_top_bitmap_1.fw
  MK_FW   firmware/ice40xx/i2c_top_bitmap_2.fw.gen.S
  IHEX    firmware/ice40xx/i2c_top_bitmap_2.fw
  MK_FW   firmware/tsp_synaptics/synaptics_s5100_hestia.fw.gen.S
  IHEX    firmware/tsp_synaptics/synaptics_s5100_hestia.fw
  MK_FW   firmware/tsp_synaptics/synaptics_s5100_k_a2_fhd.fw.gen.S
  IHEX    firmware/tsp_synaptics/synaptics_s5100_k_a2_fhd.fw
  MK_FW   firmware/tsp_synaptics/synaptics_s5100_k_a3.fw.gen.S
  IHEX    firmware/tsp_synaptics/synaptics_s5100_k_a3.fw
  MK_FW   firmware/tsp_synaptics/synaptics_s5100_k_active.fw.gen.S
  IHEX    firmware/tsp_synaptics/synaptics_s5100_k_active.fw
  MK_FW   firmware/tkey/semco_cypress_tkey.fw.gen.S
  IHEX    firmware/tkey/semco_cypress_tkey.fw
  MK_FW   firmware/tkey/semco02_cypress_tkey.fw.gen.S
  IHEX    firmware/tkey/semco02_cypress_tkey.fw
  MK_FW   firmware/tkey/semco04_cypress_tkey.fw.gen.S
  IHEX    firmware/tkey/semco04_cypress_tkey.fw
  MK_FW   firmware/tkey/dtech_cypress_tkey.fw.gen.S
  IHEX    firmware/tkey/dtech_cypress_tkey.fw
  AS      firmware/ssp_stm.fw.gen.o
  AS      firmware/ssp_stm_rvs.fw.gen.o
  CC      drivers/cpuidle/governors/menu.o
  AS      firmware/ssp_stm_88921.fw.gen.o
  AS      firmware/ssp_stm_w2014.fw.gen.o
  AS      firmware/ssp_crashed.fw.gen.o
  AS      firmware/ice40xx/i2c_top_bitmap_1.fw.gen.o
  AS      firmware/ice40xx/i2c_top_bitmap_2.fw.gen.o
  AS      firmware/tsp_synaptics/synaptics_s5100_hestia.fw.gen.o
  LD      drivers/cpuidle/governors/built-in.o
  LD      drivers/cpuidle/built-in.o
  AS      firmware/tsp_synaptics/synaptics_s5100_k_a2_fhd.fw.gen.o
  CC      drivers/devfreq/devfreq.o
  AS      firmware/tsp_synaptics/synaptics_s5100_k_a3.fw.gen.o
  AS      firmware/tsp_synaptics/synaptics_s5100_k_active.fw.gen.o
  AS      firmware/tkey/semco_cypress_tkey.fw.gen.o
  AS      firmware/tkey/semco02_cypress_tkey.fw.gen.o
  AS      firmware/tkey/semco04_cypress_tkey.fw.gen.o
  AS      firmware/tkey/dtech_cypress_tkey.fw.gen.o
  LD      firmware/built-in.o
  CC      drivers/devfreq/governor_simpleondemand.o
  CC      drivers/devfreq/governor_performance.o
  CC      drivers/devfreq/governor_powersave.o
  CC      drivers/extcon/extcon-class.o
  CC      drivers/devfreq/governor_userspace.o
  CC      drivers/devfreq/governor_msm_adreno_tz.o
  CC      drivers/extcon/extcon-max77804k.o
  CC      drivers/devfreq/governor_msm_cpufreq.o
  CC      drivers/devfreq/governor_cpubw_hwmon.o
  LD      drivers/devfreq/built-in.o
  CC      drivers/fingerprint/fingerprint_sysfs.o
  LD      drivers/extcon/built-in.o
  LD      drivers/firewire/built-in.o
  LD      drivers/firmware/built-in.o
  CC      drivers/gpio/gpiolib.o
  CC      drivers/fingerprint/vfs61xx.o
  LD      drivers/fingerprint/built-in.o
  LD      drivers/gpu/drm/i2c/built-in.o
  LD      drivers/gpu/drm/built-in.o
  CC      drivers/gpu/ion/ion.o
  CC      drivers/gpio/devres.o
  CC      drivers/gpio/gpio-msm-common.o
  CC      drivers/gpio/gpio-msm-v3.o
  CC      drivers/gpio/qpnp-pin.o
  CC      drivers/gpu/ion/ion_heap.o
  CC      drivers/gpu/ion/ion_page_pool.o
  CC      drivers/gpio/gpio-pcal6416a.o
  CC      drivers/gpu/ion/ion_system_heap.o
  LD      drivers/gpio/built-in.o
  CC      drivers/gpu/ion/ion_carveout_heap.o
  CC      drivers/gud/MobiCoreDriver/logging.o
  CC      drivers/gpu/ion/ion_chunk_heap.o
  CC      drivers/gud/MobiCoreDriver/ops.o
  CC      drivers/gpu/ion/ion_cma_heap.o
  CC      drivers/gud/MobiCoreDriver/mem.o
  CC      drivers/gpu/ion/ion_cma_secure_heap.o
  CC      drivers/gud/MobiCoreDriver/api.o
  CC      drivers/gud/MobiCoreDriver/pm.o
  CC      drivers/gpu/ion/ion_iommu_heap.o
  CC      drivers/gud/MobiCoreDriver/main.o
  CC      drivers/gpu/ion/ion_cp_heap.o
  CC      drivers/gud/MobiCoreKernelApi/main.o
  CC      drivers/gpu/ion/ion_removed_heap.o
  CC      drivers/gpu/ion/msm/msm_ion.o
  CC      drivers/gud/MobiCoreKernelApi/clientlib.o
  CC      drivers/gpu/ion/msm/ion_cp_common.o
  CC      drivers/gud/MobiCoreKernelApi/device.o
  CC      drivers/gpu/ion/msm/ion_iommu_map.o
  CC      drivers/gud/MobiCoreKernelApi/session.o
  CC      drivers/gud/MobiCoreKernelApi/connection.o
  LD      drivers/gpu/ion/msm/built-in.o
  LD      drivers/gpu/ion/built-in.o
  CC      drivers/gpu/msm/adreno_ringbuffer.o
  LD      drivers/gud/mcKernelApi.o
  LD      drivers/gud/mcDrvModule.o
  LD      drivers/gud/built-in.o
  CC      drivers/hid/hid-lg.o
  CC      drivers/hid/hid-debug.o
  CC      drivers/gpu/msm/adreno_drawctxt.o
  CC      drivers/hid/hid-core.o
  CC      drivers/gpu/msm/adreno_dispatch.o
  CC      drivers/hid/hid-input.o
  CC      drivers/gpu/msm/adreno_postmortem.o
  CC      drivers/gpu/msm/adreno_snapshot.o
  CC      drivers/hid/hidraw.o
  CC      drivers/gpu/msm/adreno_coresight.o
  CC      drivers/gpu/msm/adreno_trace.o
  CC      drivers/hid/uhid.o
  CC      drivers/hid/hid-a4tech.o
  CC      drivers/gpu/msm/adreno_a2xx.o
  CC      drivers/hid/hid-axff.o
  CC      drivers/hid/hid-apple.o
  CC      drivers/hid/hid-belkin.o
  CC      drivers/hid/hid-cherry.o
  CC      drivers/gpu/msm/adreno_a2xx_trace.o
  CC      drivers/hid/hid-chicony.o
  CC      drivers/gpu/msm/adreno_a2xx_snapshot.o
  CC      drivers/hid/hid-cypress.o
  CC      drivers/hid/hid-dr.o
  CC      drivers/gpu/msm/adreno_a3xx.o
  CC      drivers/hid/hid-emsff.o
  CC      drivers/hid/hid-elecom.o
  CC      drivers/hid/hid-ezkey.o
  CC      drivers/hid/hid-gyration.o
  CC      drivers/hid/hid-kensington.o
  CC      drivers/hid/hid-keytouch.o
  CC      drivers/hid/hid-kye.o
  CC      drivers/hid/hid-lcpower.o
  LD      drivers/hid/hid-logitech.o
  CC      drivers/hid/hid-logitech-dj.o
  CC      drivers/gpu/msm/adreno_a3xx_trace.o
  CC      drivers/gpu/msm/adreno_a3xx_snapshot.o
  CC      drivers/hid/hid-magicmouse.o
  CC      drivers/gpu/msm/adreno.o
  CC      drivers/hid/hid-microsoft.o
  CC      drivers/hid/hid-monterey.o
  CC      drivers/hid/hid-multitouch.o
  CC      drivers/hid/hid-ntrig.o
  CC      drivers/gpu/msm/adreno_debugfs.o
  CC      drivers/hid/hid-ortek.o
  CC      drivers/gpu/msm/adreno_profile.o
  CC      drivers/hid/hid-prodikeys.o
  CC      drivers/gpu/msm/kgsl.o
  CC      drivers/hid/hid-pl.o
  CC      drivers/hid/hid-petalynx.o
  CC      drivers/hid/hid-picolcd.o
  CC      drivers/hid/hid-roccat.o
  CC      drivers/hid/hid-roccat-common.o
  CC      drivers/gpu/msm/kgsl_trace.o
  CC      drivers/hid/hid-roccat-arvo.o
  CC      drivers/hid/hid-roccat-isku.o
  CC      drivers/hid/hid-roccat-kone.o
  CC      drivers/hid/hid-roccat-koneplus.o
  CC      drivers/gpu/msm/kgsl_sharedmem.o
  CC      drivers/hid/hid-roccat-kovaplus.o
  CC      drivers/gpu/msm/kgsl_pwrctrl.o
  CC      drivers/hid/hid-roccat-pyra.o
  CC      drivers/hid/hid-samsung.o
  CC      drivers/gpu/msm/kgsl_pwrscale.o
  CC      drivers/hid/hid-sjoy.o
  CC      drivers/hid/hid-sony.o
  CC      drivers/gpu/msm/kgsl_mmu.o
  CC      drivers/hid/hid-sunplus.o
  CC      drivers/hid/hid-gaff.o
  CC      drivers/gpu/msm/kgsl_gpummu.o
  CC      drivers/hid/hid-tmff.o
  CC      drivers/hid/hid-topseed.o
  CC      drivers/hid/hid-twinhan.o
  CC      drivers/gpu/msm/kgsl_iommu.o
  CC      drivers/hid/hid-uclogic.o
  CC      drivers/hid/hid-zagg.o
  CC      drivers/hid/hid-zpff.o
  CC      drivers/gpu/msm/kgsl_snapshot.o
  CC      drivers/hid/hid-zydacron.o
  CC      drivers/hid/hid-wacom.o
  CC      drivers/gpu/msm/kgsl_events.o
  CC      drivers/hid/hid-waltop.o
  CC      drivers/hid/hid-synaptics-bt.o
  CC      drivers/gpu/msm/kgsl_debugfs.o
  CC      drivers/hid/usbhid/hid-core.o
  CC      drivers/gpu/msm/kgsl_sync.o
  CC      drivers/gpu/msm/z180.o
  CC      drivers/hid/usbhid/hid-quirks.o
  CC      drivers/gpu/msm/z180_postmortem.o
  LD      drivers/hid/usbhid/usbhid.o
  LD      drivers/hid/usbhid/built-in.o
  LD      drivers/hid/hid.o
  LD      drivers/hid/built-in.o
  LD      drivers/hsi/clients/built-in.o
  LD      drivers/hsi/built-in.o
  CC      drivers/hwmon/hwmon.o
  CC      drivers/gpu/msm/z180_trace.o
  CC      drivers/hwmon/epm_adc.o
  LD      drivers/gpu/msm/msm_kgsl_core.o
  LD      drivers/gpu/msm/msm_adreno.o
  LD      drivers/gpu/msm/msm_z180.o
  LD      drivers/gpu/msm/built-in.o
  LD      drivers/gpu/stub/built-in.o
  LD      drivers/gpu/vga/built-in.o
  LD      drivers/gpu/built-in.o
  CC      drivers/i2c/i2c-boardinfo.o
  CC      drivers/i2c/i2c-core.o
  CC      drivers/hwmon/qpnp-adc-voltage.o
  CC      drivers/i2c/i2c-dev.o
  CC      drivers/hwmon/qpnp-adc-common.o
  CC      drivers/i2c/algos/i2c-algo-bit.o
  LD      drivers/hwmon/built-in.o
  LD      drivers/idle/built-in.o
  LD      drivers/ieee802154/built-in.o
  CC      drivers/input/input.o
  LD      drivers/i2c/algos/built-in.o
  CC      drivers/i2c/busses/i2c-gpio.o
  CC      drivers/i2c/busses/i2c-msm.o
  CC      drivers/i2c/busses/i2c-qup.o
  CC      drivers/input/input-compat.o
  CC      drivers/input/input-mt.o
  CC      drivers/input/ff-core.o
  LD      drivers/i2c/busses/built-in.o
  LD      drivers/i2c/muxes/built-in.o
  LD      drivers/i2c/built-in.o
  CC      drivers/input/serio/serio.o
  CC      drivers/input/ff-memless.o
  CC      drivers/input/mousedev.o
  CC      drivers/input/serio/serport.o
  CC      drivers/input/serio/libps2.o
  CC      drivers/input/evdev.o
  LD      drivers/input/serio/built-in.o
  CC      drivers/iommu/iommu.o
  CC      drivers/input/joystick/xpad.o
  CC      drivers/iommu/msm_iommu.o
  LD      drivers/input/joystick/built-in.o
  CC      drivers/iommu/msm_iommu-v1.o
  CC      drivers/input/keyboard/atkbd.o
  CC      drivers/input/keyboard/gpio_keys.o
  CC      drivers/iommu/msm_iommu_dev-v1.o
  CC      drivers/iommu/msm_iommu_pagetable.o
  CC      drivers/input/keyboard/cypress_touchkey/cypress-touchkey.o
  CC      drivers/iommu/msm_iommu_sec.o
  LD      drivers/iommu/built-in.o
  CC      drivers/leds/led-core.o
  CC      drivers/leds/led-class.o
  CC      drivers/leds/led-triggers.o
  CC      drivers/input/keyboard/cypress_touchkey/issp_main.o
  CC      drivers/leds/leds-an30259a.o
  CC      drivers/input/keyboard/cypress_touchkey/issp_routines.o
  CC      drivers/leds/leds-max77804k.o
  CC      drivers/input/keyboard/cypress_touchkey/issp_driver_routines.o
  CC      drivers/leds/ledtrig-backlight.o
  LD      drivers/input/keyboard/cypress_touchkey/built-in.o
  LD      drivers/input/keyboard/built-in.o
  CC      drivers/input/misc/gpio_event.o
  CC      drivers/leds/ledtrig-default-on.o
  LD      drivers/leds/built-in.o
  CC      drivers/input/misc/gpio_matrix.o
  LD      drivers/lguest/built-in.o
  LD      drivers/macintosh/built-in.o
  CC      drivers/md/dm.o
  CC      drivers/input/misc/gpio_input.o
  CC      drivers/input/misc/gpio_output.o
  CC      drivers/input/misc/gpio_axis.o
  CC      drivers/input/misc/uinput.o
  CC      drivers/md/dm-table.o
  LD      drivers/input/misc/built-in.o
  CC      drivers/input/mouse/psmouse-base.o
  CC      drivers/md/dm-target.o
  CC      drivers/input/mouse/synaptics.o
  CC      drivers/md/dm-linear.o
  CC      drivers/md/dm-stripe.o
  CC      drivers/input/mouse/alps.o
  CC      drivers/md/dm-ioctl.o
  CC      drivers/input/mouse/logips2pp.o
  CC      drivers/input/mouse/trackpoint.o
  CC      drivers/md/dm-io.o
  LD      drivers/input/mouse/psmouse.o
  LD      drivers/input/mouse/built-in.o
  CC      drivers/input/touchscreen/synaptics/synaptics_i2c_rmi.o
  CC      drivers/md/dm-kcopyd.o
  CC      drivers/md/dm-sysfs.o
  CC      drivers/md/dm-crypt.o
  LD      drivers/md/dm-mod.o
  LD      drivers/md/built-in.o
  CC      drivers/media/media-device.o
  CC      drivers/input/touchscreen/synaptics/rmi_dev.o
  CC      drivers/media/media-devnode.o
  CC      drivers/input/touchscreen/synaptics/rmi_f54.o
  CC      drivers/media/media-entity.o
  CC      drivers/media/common/tuners/tuner-xc2028.o
  CC      drivers/media/common/tuners/tuner-simple.o
  CC      drivers/media/common/tuners/tuner-types.o
  CC      drivers/media/common/tuners/mt20xx.o
  CC      drivers/input/touchscreen/synaptics/rmi_fw_update.o
  CC      drivers/media/common/tuners/tda8290.o
  CC      drivers/input/touchscreen/synaptics/rmi_db.o
  CC      drivers/media/common/tuners/tea5767.o
  CC      drivers/input/touchscreen/synaptics/rmi_guest.o
  CC      drivers/media/common/tuners/tea5761.o
  CC      drivers/media/common/tuners/tda9887.o
  CC      drivers/input/touchscreen/synaptics/Multiverse/GMvBrane.o
  CC      drivers/input/touchscreen/synaptics/Multiverse/GMvSystem.o
  CC      drivers/media/common/tuners/tda827x.o
  LD      drivers/input/touchscreen/synaptics/Multiverse/built-in.o
  LD      drivers/input/touchscreen/synaptics/built-in.o
  LD      drivers/input/touchscreen/built-in.o
  LD      drivers/input/input-core.o
  LD      drivers/input/built-in.o
  CC      drivers/mfd/mfd-core.o
  CC      drivers/media/common/tuners/tda18271-maps.o
  CC      drivers/mfd/wcd9xxx-core.o
  CC      drivers/media/common/tuners/tda18271-common.o
  CC      drivers/media/common/tuners/tda18271-fe.o
  CC      drivers/mfd/wcd9xxx-irq.o
  CC      drivers/media/common/tuners/xc5000.o
  CC      drivers/mfd/wcd9xxx-slimslave.o
  CC      drivers/mfd/wcd9xxx-core-resource.o
  CC      drivers/media/common/tuners/xc4000.o
  CC      drivers/mfd/max77804k.o
  CC      drivers/mfd/max77804k-irq.o
  LD      drivers/mfd/built-in.o
  CC      drivers/misc/uid_stat.o
  CC      drivers/media/common/tuners/mt2060.o
  LD      drivers/misc/carma/built-in.o
  LD      drivers/misc/cb710/built-in.o
  CC      drivers/misc/dualwave/dualwave.o
  CC      drivers/media/common/tuners/mt2063.o
  LD      drivers/misc/dualwave/built-in.o
  LD      drivers/misc/eeprom/built-in.o
  LD      drivers/misc/lis3lv02d/built-in.o
  CC      drivers/media/common/tuners/mt2266.o
  LD      drivers/misc/ti-st/built-in.o
  CC      drivers/misc/sec_param.o
  CC      drivers/media/common/tuners/qt1010.o
  CC      drivers/misc/sec_misc.o
  CC      drivers/misc/qseecom.o
  CC      drivers/media/common/tuners/mt2131.o
  CC      drivers/media/common/tuners/mxl5005s.o
  CC      drivers/misc/tzic.o
  CC      drivers/misc/ti_drv2667.o
  CC      drivers/misc/qpnp-misc.o
  CC      drivers/misc/pn547.o
  CC      drivers/misc/sec_jack.o
  CC      drivers/misc/ice40xx.o
  LD      drivers/misc/built-in.o
  CC      drivers/mmc/card/block.o
  CC      drivers/media/common/tuners/mxl5007t.o
  CC      drivers/media/common/tuners/mc44s803.o
  CC      drivers/media/common/tuners/max2165.o
  CC      drivers/mmc/card/queue.o
  CC      drivers/media/common/tuners/tda18218.o
  CC      drivers/mmc/card/mmc_block_test.o
  CC      drivers/media/common/tuners/tda18212.o
  LD      drivers/media/common/tuners/tda18271.o
  LD      drivers/media/common/tuners/built-in.o
  LD      drivers/media/common/built-in.o
  CC      drivers/media/platform/msm/camera_v2/msm.o
  LD      drivers/mmc/card/mmc_block.o
  LD      drivers/mmc/card/built-in.o
  CC      drivers/mmc/core/core.o
  CC      drivers/media/platform/msm/camera_v2/cam_dummy.o
  CC      drivers/media/platform/msm/camera_v2/camera/camera.o
  CC      drivers/mmc/core/bus.o
  LD      drivers/media/platform/msm/camera_v2/camera/built-in.o
  CC      drivers/media/platform/msm/camera_v2/isp/msm_isp.o
  CC      drivers/mmc/core/host.o
  CC      drivers/media/platform/msm/camera_v2/isp/msm_buf_mgr.o
  CC      drivers/mmc/core/mmc.o
  CC      drivers/media/platform/msm/camera_v2/isp/msm_isp_util.o
  CC      drivers/media/platform/msm/camera_v2/isp/msm_isp_axi_util.o
  CC      drivers/mmc/core/mmc_ops.o
  CC      drivers/mmc/core/sd.o
  CC      drivers/media/platform/msm/camera_v2/isp/msm_isp_stats_util.o
  CC      drivers/media/platform/msm/camera_v2/isp/msm_isp40.o
  CC      drivers/mmc/core/sd_ops.o
  CC      drivers/mmc/core/sdio.o
  CC      drivers/media/platform/msm/camera_v2/isp/msm_isp32.o
  CC      drivers/mmc/core/sdio_ops.o
  CC      drivers/mmc/core/sdio_bus.o
  LD      drivers/media/platform/msm/camera_v2/isp/built-in.o
  CC      drivers/media/platform/msm/camera_v2/ispif/msm_ispif.o
  CC      drivers/mmc/core/sdio_cis.o
  CC      drivers/mmc/core/sdio_io.o
  CC      drivers/mmc/core/sdio_irq.o
  LD      drivers/media/platform/msm/camera_v2/ispif/built-in.o
  CC      drivers/media/platform/msm/camera_v2/jpeg_10/msm_jpeg_dev.o
  CC      drivers/mmc/core/quirks.o
  CC      drivers/mmc/core/cd-gpio.o
  CC      drivers/media/platform/msm/camera_v2/jpeg_10/msm_jpeg_sync.o
  CC      drivers/mmc/core/debugfs.o
  LD      drivers/mmc/core/mmc_core.o
  LD      drivers/mmc/core/built-in.o
  CC      drivers/mmc/host/sdhci.o
  CC      drivers/media/platform/msm/camera_v2/jpeg_10/msm_jpeg_core.o
  CC      drivers/media/platform/msm/camera_v2/jpeg_10/msm_jpeg_hw.o
  CC      drivers/media/platform/msm/camera_v2/jpeg_10/msm_jpeg_platform.o
  LD      drivers/media/platform/msm/camera_v2/jpeg_10/built-in.o
  CC      drivers/media/platform/msm/camera_v2/msm_buf_mgr/msm_generic_buf_mgr.o
  CC      drivers/mmc/host/msm_sdcc.o
  LD      drivers/media/platform/msm/camera_v2/msm_buf_mgr/built-in.o
  CC      drivers/media/platform/msm/camera_v2/msm_vb2/msm_vb2.o
  LD      drivers/media/platform/msm/camera_v2/msm_vb2/built-in.o
  CC      drivers/media/platform/msm/camera_v2/pproc/cpp/msm_cpp.o
  LD      drivers/media/platform/msm/camera_v2/pproc/cpp/built-in.o
  LD      drivers/media/platform/msm/camera_v2/pproc/built-in.o
  CC      drivers/media/platform/msm/camera_v2/sensor/actuator/msm_actuator.o
  LD      drivers/media/platform/msm/camera_v2/sensor/actuator/built-in.o
  CC      drivers/media/platform/msm/camera_v2/sensor/cci/msm_cci.o
  CC      drivers/mmc/host/msm_sdcc_dml.o
  LD      drivers/media/platform/msm/camera_v2/sensor/cci/built-in.o
  CC      drivers/media/platform/msm/camera_v2/sensor/csid/msm_csid.o
  CC      drivers/mmc/host/sdhci-pltfm.o
  CC      drivers/mmc/host/sdhci-msm.o
  LD      drivers/media/platform/msm/camera_v2/sensor/csid/built-in.o
  CC      drivers/media/platform/msm/camera_v2/sensor/csiphy/msm_csiphy.o
  LD      drivers/media/platform/msm/camera_v2/sensor/csiphy/built-in.o
  CC      drivers/media/platform/msm/camera_v2/sensor/eeprom/msm_eeprom.o
  LD      drivers/media/platform/msm/camera_v2/sensor/eeprom/built-in.o
  CC      drivers/media/platform/msm/camera_v2/sensor/external/msm_companion.o
  LD      drivers/mmc/host/built-in.o
  LD      drivers/mmc/built-in.o
  CC      drivers/motor/tspdrv.o
  CC      drivers/motor/max77804k_haptic.o
  LD      drivers/motor/vibrator.o
  LD      drivers/motor/built-in.o
  LD      drivers/media/platform/msm/camera_v2/sensor/external/built-in.o
  CC      drivers/net/dummy.o
  CC      drivers/media/platform/msm/camera_v2/sensor/flash/msm_led_flash.o
  CC      drivers/media/platform/msm/camera_v2/sensor/flash/msm_led_trigger.o
  CC      drivers/net/mii.o
  LD      drivers/media/platform/msm/camera_v2/sensor/flash/built-in.o
  CC      drivers/media/platform/msm/camera_v2/sensor/io/msm_camera_io_util.o
  CC      drivers/net/Space.o
  CC      drivers/media/platform/msm/camera_v2/sensor/io/msm_camera_cci_i2c.o
  CC      drivers/net/loopback.o
  CC      drivers/media/platform/msm/camera_v2/sensor/io/msm_camera_qup_i2c.o
  CC      drivers/net/tun.o
  CC      drivers/media/platform/msm/camera_v2/sensor/io/msm_camera_i2c_mux.o
  CC      drivers/media/platform/msm/camera_v2/sensor/io/msm_camera_spi.o
  LD      drivers/net/ethernet/8390/built-in.o
  LD      drivers/net/ethernet/broadcom/built-in.o
  LD      drivers/net/ethernet/chelsio/built-in.o
  LD      drivers/net/ethernet/cirrus/built-in.o
  LD      drivers/net/ethernet/faraday/built-in.o
  CC      drivers/media/platform/msm/camera_v2/sensor/io/msm_camera_dt_util.o
  LD      drivers/net/ethernet/i825xx/built-in.o
  LD      drivers/net/ethernet/intel/built-in.o
  LD      drivers/net/ethernet/marvell/built-in.o
  LD      drivers/net/ethernet/micrel/built-in.o
  LD      drivers/net/ethernet/microchip/built-in.o
  CC      drivers/net/ethernet/msm/msm_rmnet_bam.o
  LD      drivers/net/ethernet/msm/built-in.o
  LD      drivers/net/ethernet/natsemi/built-in.o
  LD      drivers/net/ethernet/seeq/built-in.o
  LD      drivers/net/ethernet/smsc/built-in.o
  LD      drivers/net/ethernet/stmicro/built-in.o
  LD      drivers/media/platform/msm/camera_v2/sensor/io/built-in.o
  LD      drivers/net/ethernet/built-in.o
  CC      drivers/media/platform/msm/camera_v2/sensor/msm_sensor_init.o
  CC      drivers/net/ppp/ppp_generic.o
  CC      drivers/media/platform/msm/camera_v2/sensor/msm_sensor_driver.o
  CC      drivers/media/platform/msm/camera_v2/sensor/msm_sensor.o
  CC      drivers/net/ppp/bsd_comp.o
  CC      drivers/net/ppp/ppp_deflate.o
  CC      drivers/net/ppp/ppp_mppe.o
  CC      drivers/media/platform/msm/camera_v2/sensor/ncp6335b.o
  CC      drivers/net/ppp/pppox.o
  CC      drivers/media/platform/msm/camera_v2/sensor/fan53555.o
  LD      drivers/media/platform/msm/camera_v2/sensor/built-in.o
  LD      drivers/media/platform/msm/camera_v2/built-in.o
  CC      drivers/net/ppp/pppolac.o
  LD      drivers/media/platform/msm/vcap/built-in.o
  CC      drivers/media/platform/msm/vidc/msm_v4l2_vidc.o
  CC      drivers/net/ppp/pppopns.o
  CC      drivers/media/platform/msm/vidc/msm_vidc_common.o
  LD      drivers/net/ppp/built-in.o
  CC      drivers/net/slip/slip.o
  CC      drivers/net/slip/slhc.o
  LD      drivers/net/slip/built-in.o
  CC      drivers/net/usb/asix.o
  CC      drivers/media/platform/msm/vidc/msm_vidc.o
  CC      drivers/media/platform/msm/vidc/msm_vdec.o
  CC      drivers/net/usb/cdc_ether.o
  CC      drivers/net/usb/net1080.o
  CC      drivers/media/platform/msm/vidc/msm_venc.o
  CC      drivers/net/usb/cdc_subset.o
  CC      drivers/net/usb/zaurus.o
  CC      drivers/net/usb/usbnet.o
  CC      drivers/net/usb/cdc_ncm.o
  CC      drivers/media/platform/msm/vidc/msm_smem.o
  LD      drivers/net/usb/built-in.o
  CC      drivers/net/wireless/bcmdhd4354/bcmsdh.o
  CC      drivers/media/platform/msm/vidc/msm_vidc_debug.o
  CC      drivers/media/platform/msm/vidc/msm_vidc_res_parse.o
  CC      drivers/net/wireless/bcmdhd4354/bcmsdh_linux.o
  CC      drivers/net/wireless/bcmdhd4354/bcmsdh_sdmmc.o
  CC      drivers/media/platform/msm/vidc/venus_hfi.o
  CC      drivers/net/wireless/bcmdhd4354/bcmsdh_sdmmc_linux.o
  CC      drivers/net/wireless/bcmdhd4354/dhd_cdc.o
  CC      drivers/net/wireless/bcmdhd4354/dhd_pno.o
  CC      drivers/net/wireless/bcmdhd4354/dhd_common.o
  CC      drivers/net/wireless/bcmdhd4354/dhd_wlfc.o
  CC      drivers/media/platform/msm/vidc/hfi_response_handler.o
  CC      drivers/media/platform/msm/vidc/hfi_packetization.o
  CC      drivers/net/wireless/bcmdhd4354/dhd_ip.o
  CC      drivers/media/platform/msm/vidc/vidc_hfi.o
  CC      drivers/net/wireless/bcmdhd4354/dhd_custom_gpio.o
  CC      drivers/media/platform/msm/vidc/q6_hfi.o
  CC      drivers/net/wireless/bcmdhd4354/dhd_custom_sec.o
  CC      drivers/net/wireless/bcmdhd4354/dhd_linux.o
  LD      drivers/media/platform/msm/vidc/built-in.o
  LD      drivers/media/platform/msm/built-in.o
  LD      drivers/media/platform/built-in.o
  LD      drivers/media/radio/built-in.o
  CC      drivers/media/rc/keymaps/rc-adstech-dvb-t-pci.o
  CC      drivers/media/rc/keymaps/rc-alink-dtu-m.o
  CC      drivers/media/rc/keymaps/rc-anysee.o
  CC      drivers/media/rc/keymaps/rc-apac-viewcomp.o
  CC      drivers/media/rc/keymaps/rc-asus-pc39.o
  CC      drivers/media/rc/keymaps/rc-ati-tv-wonder-hd-600.o
  CC      drivers/media/rc/keymaps/rc-ati-x10.o
  CC      drivers/media/rc/keymaps/rc-avermedia-a16d.o
  CC      drivers/media/rc/keymaps/rc-avermedia.o
  CC      drivers/net/wireless/bcmdhd4354/dhd_linux_sched.o
  CC      drivers/media/rc/keymaps/rc-avermedia-cardbus.o
  CC      drivers/net/wireless/bcmdhd4354/dhd_cfg80211.o
  CC      drivers/media/rc/keymaps/rc-avermedia-dvbt.o
  CC      drivers/media/rc/keymaps/rc-avermedia-m135a.o
  CC      drivers/media/rc/keymaps/rc-avermedia-m733a-rm-k6.o
  CC      drivers/media/rc/keymaps/rc-avermedia-rm-ks.o
  CC      drivers/net/wireless/bcmdhd4354/dhd_sdio.o
  CC      drivers/media/rc/keymaps/rc-avertv-303.o
  CC      drivers/media/rc/keymaps/rc-azurewave-ad-tu700.o
  CC      drivers/media/rc/keymaps/rc-behold.o
  CC      drivers/media/rc/keymaps/rc-behold-columbus.o
  CC      drivers/media/rc/keymaps/rc-budget-ci-old.o
  CC      drivers/media/rc/keymaps/rc-cinergy-1400.o
  CC      drivers/media/rc/keymaps/rc-cinergy.o
  CC      drivers/media/rc/keymaps/rc-dib0700-nec.o
  CC      drivers/media/rc/keymaps/rc-dib0700-rc5.o
  CC      drivers/media/rc/keymaps/rc-digitalnow-tinytwin.o
  CC      drivers/media/rc/keymaps/rc-digittrade.o
  CC      drivers/media/rc/keymaps/rc-dm1105-nec.o
  CC      drivers/media/rc/keymaps/rc-dntv-live-dvb-t.o
  CC      drivers/media/rc/keymaps/rc-dntv-live-dvbt-pro.o
  CC      drivers/media/rc/keymaps/rc-em-terratec.o
  CC      drivers/media/rc/keymaps/rc-encore-enltv2.o
  CC      drivers/media/rc/keymaps/rc-encore-enltv.o
  CC      drivers/net/wireless/bcmdhd4354/dhd_linux_wq.o
  CC      drivers/media/rc/keymaps/rc-encore-enltv-fm53.o
  CC      drivers/media/rc/keymaps/rc-evga-indtube.o
  CC      drivers/net/wireless/bcmdhd4354/aiutils.o
  CC      drivers/media/rc/keymaps/rc-eztv.o
  CC      drivers/media/rc/keymaps/rc-flydvb.o
  CC      drivers/media/rc/keymaps/rc-flyvideo.o
  CC      drivers/media/rc/keymaps/rc-fusionhdtv-mce.o
  CC      drivers/net/wireless/bcmdhd4354/bcmevent.o
  CC      drivers/media/rc/keymaps/rc-gadmei-rm008z.o
  CC      drivers/media/rc/keymaps/rc-genius-tvgo-a11mce.o
  CC      drivers/media/rc/keymaps/rc-gotview7135.o
  CC      drivers/media/rc/keymaps/rc-imon-mce.o
  CC      drivers/net/wireless/bcmdhd4354/bcmutils.o
  CC      drivers/media/rc/keymaps/rc-imon-pad.o
  CC      drivers/media/rc/keymaps/rc-iodata-bctv7e.o
  CC      drivers/media/rc/keymaps/rc-it913x-v1.o
  CC      drivers/media/rc/keymaps/rc-it913x-v2.o
  CC      drivers/media/rc/keymaps/rc-kaiomy.o
  CC      drivers/net/wireless/bcmdhd4354/bcmwifi_channels.o
  CC      drivers/media/rc/keymaps/rc-kworld-315u.o
  CC      drivers/media/rc/keymaps/rc-kworld-pc150u.o
  CC      drivers/media/rc/keymaps/rc-kworld-plus-tv-analog.o
  CC      drivers/media/rc/keymaps/rc-leadtek-y04g0051.o
  CC      drivers/net/wireless/bcmdhd4354/hndpmu.o
  CC      drivers/media/rc/keymaps/rc-lirc.o
  CC      drivers/net/wireless/bcmdhd4354/linux_osl.o
  CC      drivers/media/rc/keymaps/rc-lme2510.o
  CC      drivers/media/rc/keymaps/rc-manli.o
  CC      drivers/media/rc/keymaps/rc-medion-x10.o
  CC      drivers/media/rc/keymaps/rc-msi-digivox-ii.o
  CC      drivers/net/wireless/bcmdhd4354/sbutils.o
  CC      drivers/media/rc/keymaps/rc-msi-digivox-iii.o
  CC      drivers/media/rc/keymaps/rc-msi-tvanywhere.o
  CC      drivers/media/rc/keymaps/rc-msi-tvanywhere-plus.o
  CC      drivers/media/rc/keymaps/rc-nebula.o
  CC      drivers/net/wireless/bcmdhd4354/siutils.o
  CC      drivers/media/rc/keymaps/rc-nec-terratec-cinergy-xs.o
  CC      drivers/media/rc/keymaps/rc-norwood.o
  CC      drivers/media/rc/keymaps/rc-npgtech.o
  CC      drivers/media/rc/keymaps/rc-pctv-sedna.o
  CC      drivers/media/rc/keymaps/rc-philips.o
  CC      drivers/media/rc/keymaps/rc-pinnacle-color.o
  CC      drivers/media/rc/keymaps/rc-pinnacle-grey.o
  CC      drivers/media/rc/keymaps/rc-pinnacle-pctv-hd.o
  CC      drivers/media/rc/keymaps/rc-pixelview.o
  CC      drivers/net/wireless/bcmdhd4354/wl_android.o
  CC      drivers/media/rc/keymaps/rc-pixelview-mk12.o
  CC      drivers/media/rc/keymaps/rc-pixelview-002t.o
  CC      drivers/media/rc/keymaps/rc-pixelview-new.o
  CC      drivers/media/rc/keymaps/rc-powercolor-real-angel.o
  CC      drivers/media/rc/keymaps/rc-proteus-2309.o
  CC      drivers/media/rc/keymaps/rc-purpletv.o
  CC      drivers/media/rc/keymaps/rc-pv951.o
  CC      drivers/media/rc/keymaps/rc-hauppauge.o
  CC      drivers/media/rc/keymaps/rc-rc6-mce.o
  CC      drivers/net/wireless/bcmdhd4354/wl_cfg80211.o
  CC      drivers/media/rc/keymaps/rc-real-audio-220-32-keys.o
  CC      drivers/media/rc/keymaps/rc-snapstream-firefly.o
  CC      drivers/media/rc/keymaps/rc-samsung-necx.o
  CC      drivers/media/rc/keymaps/rc-streamzap.o
  CC      drivers/media/rc/keymaps/rc-tbs-nec.o
  CC      drivers/media/rc/keymaps/rc-technisat-usb2.o
  CC      drivers/media/rc/keymaps/rc-terratec-cinergy-xs.o
  CC      drivers/media/rc/keymaps/rc-terratec-slim.o
  CC      drivers/media/rc/keymaps/rc-terratec-slim-2.o
  CC      drivers/media/rc/keymaps/rc-tevii-nec.o
  CC      drivers/media/rc/keymaps/rc-tivo.o
  CC      drivers/media/rc/keymaps/rc-total-media-in-hand.o
  CC      drivers/media/rc/keymaps/rc-trekstor.o
  CC      drivers/media/rc/keymaps/rc-tt-1500.o
  CC      drivers/media/rc/keymaps/rc-twinhan1027.o
  CC      drivers/media/rc/keymaps/rc-ue-rf4ce.o
  CC      drivers/media/rc/keymaps/rc-videomate-m1f.o
  CC      drivers/media/rc/keymaps/rc-videomate-s350.o
  CC      drivers/media/rc/keymaps/rc-videomate-tv-pvr.o
  CC      drivers/media/rc/keymaps/rc-winfast.o
  CC      drivers/media/rc/keymaps/rc-winfast-usbii-deluxe.o
  LD      drivers/media/rc/keymaps/built-in.o
  CC      drivers/media/rc/rc-main.o
  CC      drivers/media/rc/ir-raw.o
  CC      drivers/media/rc/lirc_dev.o
  CC      drivers/net/wireless/bcmdhd4354/wl_cfgp2p.o
  CC      drivers/media/rc/ir-nec-decoder.o
  CC      drivers/media/rc/ir-rc5-decoder.o
  CC      drivers/media/rc/ir-rc6-decoder.o
  CC      drivers/media/rc/ir-jvc-decoder.o
  CC      drivers/net/wireless/bcmdhd4354/wl_cfg_btcoex.o
  CC      drivers/media/rc/ir-sony-decoder.o
  CC      drivers/media/rc/ir-rc5-sz-decoder.o
  CC      drivers/net/wireless/bcmdhd4354/wldev_common.o
  CC      drivers/media/rc/ir-sanyo-decoder.o
  CC      drivers/media/rc/ir-mce_kbd-decoder.o
  CC      drivers/net/wireless/bcmdhd4354/wl_linux_mon.o
  CC      drivers/media/rc/ir-lirc-codec.o
  LD      drivers/media/rc/rc-core.o
  LD      drivers/media/rc/built-in.o
  CC      drivers/net/wireless/bcmdhd4354/wl_roam.o
  CC      drivers/media/video/v4l2-dev.o
  CC      drivers/net/wireless/bcmdhd4354/dhd_linux_platdev.o
  CC      drivers/media/video/v4l2-ioctl.o
  LD      drivers/net/wireless/bcmdhd4354/dhd.o
  LD      drivers/net/wireless/bcmdhd4354/built-in.o
  LD      drivers/net/wireless/built-in.o
  LD      drivers/net/built-in.o
  LD      drivers/nfc/built-in.o
  CC      drivers/of/base.o
  CC      drivers/of/fdt.o
  CC      drivers/media/video/v4l2-device.o
  CC      drivers/of/address.o
  CC      drivers/media/video/v4l2-fh.o
  CC      drivers/of/irq.o
  CC      drivers/media/video/v4l2-event.o
  CC      drivers/of/device.o
  CC      drivers/media/video/v4l2-ctrls.o
  CC      drivers/of/platform.o
  CC      drivers/of/gpio.o
  CC      drivers/of/of_i2c.o
  CC      drivers/of/of_net.o
  CC      drivers/media/video/v4l2-subdev.o
  CC      drivers/of/of_spi.o
  CC      drivers/media/video/v4l2-int-device.o
  CC      drivers/of/of_spmi.o
  CC      drivers/media/video/v4l2-common.o
  CC      drivers/of/of_slimbus.o
  CC      drivers/of/of_batterydata.o
  CC      drivers/media/video/videobuf2-core.o
  LD      drivers/of/built-in.o
  LD      drivers/pinctrl/built-in.o
  CC      arch/arm/oprofile/../../../drivers/oprofile/oprof.o
  CC      arch/arm/oprofile/../../../drivers/oprofile/cpu_buffer.o
  CC      arch/arm/oprofile/../../../drivers/oprofile/buffer_sync.o
  CC      drivers/media/video/videobuf2-memops.o
  CC      drivers/media/video/videobuf2-vmalloc.o
  CC      arch/arm/oprofile/../../../drivers/oprofile/event_buffer.o
  CC      arch/arm/oprofile/../../../drivers/oprofile/oprofile_files.o
  CC      drivers/media/video/videobuf2-dma-contig.o
  CC      arch/arm/oprofile/../../../drivers/oprofile/oprofilefs.o
  CC      drivers/media/video/videobuf2-dma-sg.o
  CC      arch/arm/oprofile/../../../drivers/oprofile/oprofile_stats.o
  CC      drivers/media/video/videobuf2-msm-mem.o
  CC      arch/arm/oprofile/../../../drivers/oprofile/timer_int.o
  CC      arch/arm/oprofile/../../../drivers/oprofile/oprofile_perf.o
  LD      drivers/media/video/davinci/built-in.o
  CC      drivers/media/video/gspca/gspca.o
  CC      arch/arm/oprofile/common.o
  LD      arch/arm/oprofile/oprofile.o
  LD      arch/arm/oprofile/built-in.o
  CC      net/socket.o
  LD      drivers/media/video/gspca/gspca_main.o
  LD      drivers/media/video/gspca/built-in.o
  CC      drivers/media/video/uvc/uvc_driver.o
  CC      net/802/p8022.o
  CC      drivers/media/video/uvc/uvc_queue.o
  CC      net/802/psnap.o
  CC      drivers/media/video/uvc/uvc_v4l2.o
  CC      net/802/stp.o
  LD      net/802/built-in.o
  CC      net/bluetooth/af_bluetooth.o
  CC      drivers/media/video/uvc/uvc_video.o
  CC      net/bluetooth/hci_core.o
  CC      drivers/media/video/uvc/uvc_ctrl.o
  CC      drivers/media/video/uvc/uvc_status.o
  CC      drivers/media/video/uvc/uvc_isight.o
  CC      drivers/media/video/uvc/uvc_debugfs.o
  CC      net/bluetooth/hci_conn.o
  CC      drivers/media/video/uvc/uvc_entity.o
  LD      drivers/media/video/uvc/uvcvideo.o
  LD      drivers/media/video/uvc/built-in.o
  CC      drivers/media/video/ir-kbd-i2c.o
  LD      drivers/media/video/videodev.o
  LD      drivers/media/video/built-in.o
  LD      drivers/media/media.o
  LD      drivers/media/built-in.o
/home/zparallax/dev/amplitude_tw/net/bluetooth/hci_conn.c: In function ‘hci_le_ltk_reply’:
/home/zparallax/dev/amplitude_tw/net/bluetooth/hci_conn.c:407:28: warning: argument to ‘sizeof’ in ‘memcpy’ call is the same pointer type ‘__u8 *’ as the destination; expected ‘__u8’ or an explicit length [-Wsizeof-pointer-memaccess]
  memcpy(cp.ltk, ltk, sizeof(ltk));
                            ^
  CC      net/bluetooth/hci_event.o
  CC      drivers/platform/msm/usb_bam.o
  CC      drivers/platform/msm/sps/bam.o
  CC      net/bluetooth/mgmt.o
  CC      net/bluetooth/hci_sock.o
  CC      drivers/platform/msm/sps/sps_bam.o
  CC      net/bluetooth/hci_sysfs.o
  CC      net/bluetooth/l2cap_core.o
  CC      drivers/platform/msm/sps/sps.o
  CC      drivers/platform/msm/sps/sps_dma.o
  CC      drivers/platform/msm/sps/sps_map.o
  CC      drivers/platform/msm/sps/sps_mem.o
  CC      drivers/platform/msm/sps/sps_rm.o
  LD      drivers/platform/msm/sps/built-in.o
  CC      drivers/platform/msm/qpnp-pwm.o
  CC      drivers/platform/msm/qpnp-power-on.o
  CC      net/bluetooth/l2cap_sock.o
  CC      net/bluetooth/smp.o
  CC      drivers/platform/msm/qpnp-clkdiv.o
  CC      drivers/platform/msm/qpnp-coincell.o
  CC      drivers/platform/msm/avtimer.o
  CC      net/bluetooth/sco.o
  CC      drivers/platform/msm/qpnp-revid.o
  LD      drivers/platform/msm/built-in.o
  LD      drivers/platform/built-in.o
  CC      drivers/power/power_supply_core.o
  CC      drivers/power/power_supply_sysfs.o
  CC      net/bluetooth/lib.o
  CC      drivers/power/power_supply_leds.o
  LD      drivers/power/power_supply.o
  LD      drivers/power/built-in.o
  CC      drivers/regulator/core.o
  CC      net/bluetooth/amp.o
  CC      net/bluetooth/hidp/core.o
  CC      drivers/regulator/dummy.o
  CC      drivers/regulator/fixed-helper.o
  CC      drivers/regulator/of_regulator.o
  CC      drivers/regulator/fixed.o
  CC      net/bluetooth/hidp/sock.o
  CC      drivers/regulator/max77826.o
  LD      net/bluetooth/hidp/hidp.o
  LD      net/bluetooth/hidp/built-in.o
  LD      net/bluetooth/bluetooth.o
  LD      net/bluetooth/built-in.o
  CC      net/bridge/br.o
  CC      drivers/regulator/max77804k-regulator.o
  CC      net/bridge/br_device.o
  CC      drivers/regulator/stub-regulator.o
  CC      drivers/regulator/qpnp-regulator.o
  CC      net/bridge/br_fdb.o
  CC      net/bridge/br_forward.o
  LD      drivers/regulator/built-in.o
  CC      drivers/rtc/rtc-lib.o
  CC      drivers/rtc/hctosys.o
  CC      net/bridge/br_if.o
  CC      drivers/rtc/class.o
  CC      drivers/rtc/interface.o
  CC      net/bridge/br_input.o
  CC      drivers/rtc/rtc-dev.o
  CC      net/bridge/br_ioctl.o
  CC      drivers/rtc/rtc-proc.o
  CC      net/bridge/br_notify.o
  CC      drivers/rtc/rtc-sysfs.o
  CC      drivers/rtc/alarm.o
  CC      net/bridge/br_stp.o
  CC      drivers/rtc/alarm-dev.o
  CC      drivers/rtc/qpnp-rtc.o
  CC      net/bridge/br_stp_bpdu.o
  LD      drivers/rtc/rtc-core.o
  LD      drivers/rtc/built-in.o
  CC      drivers/scsi/scsi.o
  CC      net/bridge/br_stp_if.o
  CC      net/bridge/br_stp_timer.o
  CC      net/bridge/br_netlink.o
  CC      drivers/scsi/hosts.o
  CC      net/bridge/br_sysfs_if.o
  CC      drivers/scsi/scsi_ioctl.o
  CC      net/bridge/br_sysfs_br.o
  CC      drivers/scsi/constants.o
  CC      net/bridge/br_netfilter.o
  CC      drivers/scsi/scsicam.o
  CC      drivers/scsi/scsi_error.o
  CC      net/bridge/br_multicast.o
  CC      drivers/scsi/scsi_lib.o
  CC      net/bridge/netfilter/ebtables.o
  CC      drivers/scsi/scsi_lib_dma.o
  CC      drivers/scsi/scsi_scan.o
  CC      net/bridge/netfilter/ebtable_broute.o
  LD      net/bridge/netfilter/built-in.o
  LD      net/bridge/bridge.o
  LD      net/bridge/built-in.o
  CC      drivers/scsi/scsi_sysfs.o
  CC      net/core/sock.o
  CC      drivers/scsi/scsi_devinfo.o
  CC      drivers/scsi/scsi_sysctl.o
  CC      drivers/scsi/scsi_proc.o
  CC      drivers/scsi/scsi_trace.o
  CC      net/core/request_sock.o
  CC      drivers/scsi/scsi_pm.o
  CC      net/core/skbuff.o
  CC      drivers/scsi/scsi_tgt_lib.o
  CC      drivers/scsi/scsi_tgt_if.o
  CC      drivers/scsi/sd.o
  CC      net/core/iovec.o
  CC      net/core/datagram.o
  CC      net/core/stream.o
  LD      drivers/scsi/arm/built-in.o
  LD      drivers/scsi/sd_mod.o
  CC      drivers/scsi/sg.o
  CC      net/core/scm.o
  CC      net/core/gen_stats.o
  CC      drivers/scsi/ch.o
  CC      net/core/gen_estimator.o
  LD      drivers/scsi/scsi_mod.o
  LD      drivers/scsi/scsi_tgt.o
  LD      drivers/scsi/built-in.o
  CC      drivers/secfilter/sec_filter.o
  CC      net/core/net_namespace.o
  CC      drivers/secfilter/tcp_track.o
  CC      net/core/secure_seq.o
  CC      net/core/flow_dissector.o
  CC      drivers/secfilter/url_parser.o
  CC      net/core/sysctl_net_core.o
  LD      drivers/secfilter/secfilter.o
  LD      drivers/secfilter/built-in.o
  CC      drivers/sensorhub/stm/ssp_dev.o
  CC      net/core/dev.o
  CC      drivers/sensorhub/stm/ssp_i2c.o
  CC      drivers/sensorhub/stm/ssp_data.o
  CC      drivers/sensorhub/stm/ssp_sysfs.o
  CC      drivers/sensorhub/stm/ssp_input.o
  CC      net/core/ethtool.o
  CC      drivers/sensorhub/stm/ssp_firmware.o
  CC      drivers/sensorhub/stm/ssp_debug.o
  CC      net/core/dev_addr_lists.o
  CC      drivers/sensorhub/stm/ssp_iio_ring.o
  CC      drivers/sensorhub/stm/ssp_iio_trigger.o
  CC      net/core/dst.o
  CC      drivers/sensorhub/stm/sensors_core.o
  CC      drivers/sensorhub/stm/ssp_sensorhub.o
  CC      net/core/netevent.o
  CC      net/core/neighbour.o
  CC      drivers/sensorhub/stm/max86900.o
  CC      drivers/sensorhub/stm/factory/accel_mpu6500.o
  CC      drivers/sensorhub/stm/factory/gyro_mpu6500.o
  CC      net/core/rtnetlink.o
  CC      drivers/sensorhub/stm/factory/light_tmg399x.o
  CC      drivers/sensorhub/stm/factory/prox_max88920.o
  CC      drivers/sensorhub/stm/factory/gesture_tmg399x.o
  CC      net/core/utils.o
  CC      drivers/sensorhub/stm/factory/magnetic_ak09911.o
  CC      net/core/link_watch.o
  CC      drivers/sensorhub/stm/factory/pressure_bmp182.o
  CC      net/core/filter.o
  CC      drivers/sensorhub/stm/factory/mcu_atuc128l5har.o
  CC      drivers/sensorhub/stm/factory/barcode_emul_tmg3992.o
  CC      net/core/sock_diag.o
  LD      drivers/sensorhub/stm/factory/built-in.o
  LD      drivers/sensorhub/stm/built-in.o
  LD      drivers/sensorhub/built-in.o
  CC      drivers/slimbus/slimbus.o
  CC      net/core/flow.o
  CC      net/core/net-sysfs.o
  CC      net/core/fib_rules.o
  CC      drivers/slimbus/slim-msm.o
  CC      net/core/net-traces.o
  CC      drivers/slimbus/slim-msm-ngd.o
  LD      net/core/built-in.o
  CC      net/ethernet/eth.o
  LD      drivers/slimbus/built-in.o
  CC      drivers/spi/spi.o
  LD      net/ethernet/built-in.o
  CC      net/ipv4/route.o
  CC      drivers/spi/spidev.o
  CC      drivers/spi/spi_qsd.o
  CC      net/ipv4/inetpeer.o
  CC      net/ipv4/protocol.o
  LD      drivers/spi/built-in.o
  CC      net/ipv4/ip_input.o
  CC      drivers/spmi/spmi.o
  CC      drivers/spmi/spmi-resources.o
  CC      drivers/spmi/spmi-pmic-arb.o
  CC      net/ipv4/ip_fragment.o
  CC      drivers/spmi/qpnp-int.o
  CC      net/ipv4/ip_forward.o
  CC      net/ipv4/ip_options.o
  CC      drivers/spmi/spmi-dbgfs.o
  LD      drivers/spmi/built-in.o
  CC      drivers/staging/staging.o
  CC      net/ipv4/ip_output.o
  CC      drivers/staging/android/binder.o
  CC      net/ipv4/ip_sockglue.o
  CC      net/ipv4/inet_hashtables.o
  CC      drivers/staging/android/ashmem.o
  CC      net/ipv4/inet_timewait_sock.o
  CC      drivers/staging/android/logger.o
  CC      net/ipv4/inet_connection_sock.o
  CC      drivers/staging/android/persistent_ram.o
  CC      drivers/staging/android/ram_console.o
  CC      drivers/staging/android/timed_output.o
  CC      net/ipv4/tcp.o
  CC      drivers/staging/android/timed_gpio.o
  CC      drivers/staging/android/lowmemorykiller.o
  LD      drivers/staging/android/built-in.o
  CC      drivers/staging/iio/industrialio-core.o
  CC      drivers/staging/iio/industrialio-event.o
  CC      net/ipv4/tcp_input.o
  CC      drivers/staging/iio/inkern.o
  CC      drivers/staging/iio/industrialio-buffer.o
  CC      drivers/staging/iio/industrialio-trigger.o
  CC      drivers/staging/iio/kfifo_buf.o
  CC      drivers/staging/iio/iio_hwmon.o
  LD      drivers/staging/iio/accel/built-in.o
  LD      drivers/staging/iio/adc/built-in.o
  LD      drivers/staging/iio/addac/built-in.o
  LD      drivers/staging/iio/cdc/built-in.o
  LD      drivers/staging/iio/dac/built-in.o
  LD      drivers/staging/iio/dds/built-in.o
  LD      drivers/staging/iio/grip/built-in.o
  LD      drivers/staging/iio/gyro/built-in.o
  LD      drivers/staging/iio/impedance-analyzer/built-in.o
  LD      drivers/staging/iio/imu/inv_mpu/built-in.o
  LD      drivers/staging/iio/imu/inv_sensors/built-in.o
  LD      drivers/staging/iio/imu/mpu/built-in.o
  LD      drivers/staging/iio/imu/mpu_primary/built-in.o
  LD      drivers/staging/iio/imu/built-in.o
  LD      drivers/staging/iio/inv_test/built-in.o
  LD      drivers/staging/iio/light/built-in.o
  LD      drivers/staging/iio/magnetometer/built-in.o
  LD      drivers/staging/iio/meter/built-in.o
  LD      drivers/staging/iio/resolver/built-in.o
  LD      drivers/staging/iio/trigger/built-in.o
  LD      drivers/staging/iio/industrialio.o
  LD      drivers/staging/iio/built-in.o
  LD      drivers/staging/media/built-in.o
  LD      drivers/staging/serial/built-in.o
  CC      drivers/staging/vnswap/vnswap.o
  CC      net/ipv4/tcp_output.o
  CC      drivers/staging/vnswap/vnswap_sysfs.o
  LD      drivers/staging/vnswap/built-in.o
  LD      drivers/staging/built-in.o
  CC      drivers/switch/switch_class.o
  LD      drivers/switch/built-in.o
  CC      drivers/thermal/thermal_sys.o
  CC      net/ipv4/tcp_timer.o
  CC      drivers/thermal/msm_thermal.o
  CC      net/ipv4/tcp_ipv4.o
  CC      drivers/thermal/msm_thermal-dev.o
  CC      drivers/thermal/msm8974-tsens.o
  CC      net/ipv4/tcp_minisocks.o
  CC      drivers/thermal/qpnp-temp-alarm.o
  CC      net/ipv4/tcp_cong.o
  CC      drivers/thermal/qpnp-adc-tm.o
  CC      net/ipv4/datagram.o
  CC      net/ipv4/raw.o
  LD      drivers/thermal/built-in.o
  CC      drivers/tty/tty_io.o
  CC      net/ipv4/udp.o
  CC      drivers/tty/n_tty.o
  CC      net/ipv4/udplite.o
  CC      drivers/tty/tty_ioctl.o
  CC      net/ipv4/arp.o
  CC      drivers/tty/tty_ldisc.o
  CC      drivers/tty/tty_buffer.o
  CC      net/ipv4/icmp.o
  CC      drivers/tty/tty_port.o
  CC      drivers/tty/tty_mutex.o
  CC      net/ipv4/devinet.o
  CC      drivers/tty/pty.o
  CC      drivers/tty/tty_audit.o
  CC      drivers/tty/sysrq.o
  CC      net/ipv4/af_inet.o
  LD      drivers/tty/ipwireless/built-in.o
  CC      drivers/tty/serial/serial_core.o
  CC      net/ipv4/igmp.o
  CC      drivers/tty/serial/msm_serial_hs.o
  CC      net/ipv4/fib_frontend.o
  CC      drivers/tty/serial/msm_serial_hs_lite.o
  CC      net/ipv4/fib_semantics.o
  LD      drivers/tty/serial/built-in.o
  CC      drivers/tty/vt/vt_ioctl.o
  CC      net/ipv4/fib_trie.o
  CC      drivers/tty/vt/vc_screen.o
  CC      drivers/tty/vt/selection.o
  CC      drivers/tty/vt/keyboard.o
  CC      net/ipv4/inet_fragment.o
  CC      net/ipv4/ping.o
  CC      drivers/tty/vt/consolemap.o
  CC      net/ipv4/sysctl_net_ipv4.o
  CONMK   drivers/tty/vt/consolemap_deftbl.c
  CC      drivers/tty/vt/vt.o
  CC      net/ipv4/sysfs_net_ipv4.o
  CC      net/ipv4/proc.o
  CC      net/ipv4/fib_rules.o
  SHIPPED drivers/tty/vt/defkeymap.c
  CC      drivers/tty/vt/consolemap_deftbl.o
  CC      net/ipv4/ah4.o
  CC      drivers/tty/vt/defkeymap.o
  LD      drivers/tty/vt/built-in.o
  LD      drivers/tty/built-in.o
  CC      drivers/uio/uio.o
  CC      net/ipv4/esp4.o
  CC      drivers/uio/msm_sharedmem.o
  LD      drivers/uio/built-in.o
  CC      drivers/usb/class/cdc-acm.o
  CC      net/ipv4/ipcomp.o
  CC      net/ipv4/xfrm4_tunnel.o
  LD      drivers/usb/class/built-in.o
  CC      drivers/usb/core/usb.o
  CC      net/ipv4/xfrm4_mode_beet.o
  CC      net/ipv4/tunnel4.o
  CC      drivers/usb/core/hub.o
  CC      net/ipv4/xfrm4_mode_transport.o
  CC      net/ipv4/xfrm4_mode_tunnel.o
  CC      net/ipv4/ipconfig.o
  CC      drivers/usb/core/hcd.o
  CC      net/ipv4/netfilter.o
  CC      drivers/usb/core/urb.o
  CC      net/ipv4/netfilter/nf_nat_rule.o
  CC      drivers/usb/core/message.o
  CC      net/ipv4/netfilter/nf_nat_standalone.o
  CC      net/ipv4/netfilter/nf_conntrack_l3proto_ipv4_compat.o
  CC      drivers/usb/core/driver.o
  CC      net/ipv4/netfilter/nf_conntrack_l3proto_ipv4.o
  CC      drivers/usb/core/config.o
  CC      drivers/usb/core/file.o
  CC      net/ipv4/netfilter/nf_conntrack_proto_icmp.o
  CC      drivers/usb/core/buffer.o
  CC      net/ipv4/netfilter/nf_nat_core.o
  CC      drivers/usb/core/sysfs.o
  CC      drivers/usb/core/endpoint.o
  CC      net/ipv4/netfilter/nf_nat_helper.o
  CC      drivers/usb/core/devio.o
  CC      net/ipv4/netfilter/nf_nat_proto_unknown.o
  CC      net/ipv4/netfilter/nf_nat_proto_common.o
  CC      drivers/usb/core/notify.o
  CC      drivers/usb/core/generic.o
  CC      net/ipv4/netfilter/nf_nat_proto_tcp.o
  CC      drivers/usb/core/quirks.o
  CC      net/ipv4/netfilter/nf_nat_proto_udp.o
  CC      drivers/usb/core/devices.o
  CC      net/ipv4/netfilter/nf_nat_proto_icmp.o
  LD      drivers/usb/core/usbcore.o
  LD      drivers/usb/core/built-in.o
  CC      drivers/usb/dwc3/core.o
  CC      net/ipv4/netfilter/nf_defrag_ipv4.o
  CC      drivers/usb/dwc3/host.o
  CC      net/ipv4/netfilter/nf_nat_amanda.o
  CC      drivers/usb/dwc3/gadget.o
  CC      net/ipv4/netfilter/nf_nat_ftp.o
  CC      net/ipv4/netfilter/nf_nat_h323.o
  CC      drivers/usb/dwc3/ep0.o
  CC      net/ipv4/netfilter/nf_nat_irc.o
  CC      drivers/usb/dwc3/dwc3_otg.o
  CC      net/ipv4/netfilter/nf_nat_pptp.o
  CC      drivers/usb/dwc3/debugfs.o
  CC      net/ipv4/netfilter/nf_nat_tftp.o
  CC      drivers/usb/dwc3/dwc3-msm.o
  CC      net/ipv4/netfilter/nf_nat_proto_dccp.o
  CC      net/ipv4/netfilter/nf_nat_proto_gre.o
  CC      net/ipv4/netfilter/nf_nat_proto_udplite.o
  CC      net/ipv4/netfilter/nf_nat_proto_sctp.o
  LD      drivers/usb/dwc3/dwc3.o
  LD      drivers/usb/dwc3/built-in.o
  CC      drivers/usb/gadget/udc-core.o
  CC      net/ipv4/netfilter/ip_tables.o
  CC      drivers/usb/gadget/android.o
  CC      net/ipv4/netfilter/iptable_filter.o
  CC      net/ipv4/netfilter/iptable_mangle.o
  LD      net/ipv4/netfilter/iptable_nat.o
  CC      net/ipv4/netfilter/iptable_raw.o
  CC      net/ipv4/netfilter/iptable_security.o
  CC      net/ipv4/netfilter/ipt_ah.o
  CC      net/ipv4/netfilter/ipt_MASQUERADE.o
  CC      net/ipv4/netfilter/ipt_NETMAP.o
  CC      net/ipv4/netfilter/ipt_REDIRECT.o
  CC      net/ipv4/netfilter/ipt_REJECT.o
  CC      net/ipv4/netfilter/arp_tables.o
  CC      net/ipv4/netfilter/arpt_mangle.o
  CC      net/ipv4/netfilter/arptable_filter.o
  LD      net/ipv4/netfilter/nf_conntrack_ipv4.o
  LD      net/ipv4/netfilter/nf_nat.o
  LD      net/ipv4/netfilter/built-in.o
  CC      net/ipv4/inet_diag.o
  CC      net/ipv4/tcp_diag.o
  CC      net/ipv4/tcp_cubic.o
  CC      net/ipv4/xfrm4_policy.o
  CC      net/ipv4/xfrm4_state.o
  CC      net/ipv4/xfrm4_input.o
  CC      net/ipv4/xfrm4_output.o
  LD      net/ipv4/built-in.o
  CC      net/ipv6/af_inet6.o
  CC      net/ipv6/anycast.o
  CC      net/ipv6/ip6_output.o
  CC      net/ipv6/ip6_input.o
  CC      net/ipv6/addrconf.o
  CC      drivers/usb/gadget/multi_config.o
  LD      drivers/usb/gadget/g_android.o
  LD      drivers/usb/gadget/built-in.o
  CC      drivers/usb/host/xhci.o
  CC      net/ipv6/addrlabel.o
  CC      drivers/usb/host/xhci-mem.o
  CC      net/ipv6/route.o
  CC      drivers/usb/host/xhci-ring.o
  CC      net/ipv6/ip6_fib.o
  CC      net/ipv6/ipv6_sockglue.o
  CC      drivers/usb/host/xhci-hub.o
  CC      drivers/usb/host/xhci-dbg.o
  CC      net/ipv6/ndisc.o
  CC      drivers/usb/host/xhci-plat.o
  LD      drivers/usb/host/xhci-hcd.o
  LD      drivers/usb/host/built-in.o
  LD      drivers/usb/misc/built-in.o
  CC      drivers/usb/notify/host_notify_class.o
  CC      drivers/usb/notify/host_notifier.o
  CC      net/ipv6/udp.o
  LD      drivers/usb/notify/built-in.o
  CC      drivers/usb/otg/otg.o
  LD      drivers/usb/otg/built-in.o
  CC      drivers/usb/serial/usb-serial.o
  CC      drivers/usb/serial/generic.o
  CC      net/ipv6/udplite.o
  CC      drivers/usb/serial/bus.o
  CC      net/ipv6/raw.o
  CC      drivers/usb/serial/pl2303.o
  LD      drivers/usb/serial/usbserial.o
  LD      drivers/usb/serial/built-in.o
  CC      drivers/usb/storage/alauda.o
  CC      net/ipv6/protocol.o
  CC      net/ipv6/icmp.o
  CC      drivers/usb/storage/cypress_atacb.o
  CC      net/ipv6/mcast.o
  CC      drivers/usb/storage/datafab.o
  CC      drivers/usb/storage/ene_ub6250.o
  CC      drivers/usb/storage/freecom.o
  CC      drivers/usb/storage/isd200.o
  CC      net/ipv6/reassembly.o
  CC      drivers/usb/storage/jumpshot.o
  CC      net/ipv6/tcp_ipv6.o
  CC      drivers/usb/storage/karma.o
  CC      drivers/usb/storage/onetouch.o
  CC      drivers/usb/storage/sddr09.o
  CC      net/ipv6/ping.o
  CC      drivers/usb/storage/sddr55.o
  CC      net/ipv6/exthdrs.o
  CC      drivers/usb/storage/shuttle_usbat.o
  CC      net/ipv6/datagram.o
  CC      drivers/usb/storage/scsiglue.o
  CC      drivers/usb/storage/protocol.o
  CC      net/ipv6/ip6_flowlabel.o
  CC      drivers/usb/storage/transport.o
  CC      net/ipv6/inet6_connection_sock.o
  CC      drivers/usb/storage/usb.o
  CC      net/ipv6/sysctl_net_ipv6.o
  CC      net/ipv6/xfrm6_policy.o
  CC      drivers/usb/storage/initializers.o
  CC      drivers/usb/storage/sierra_ms.o
  CC      net/ipv6/xfrm6_state.o
  CC      drivers/usb/storage/option_ms.o
  CC      net/ipv6/xfrm6_input.o
  CC      drivers/usb/storage/usual-tables.o
  LD      drivers/usb/storage/usb-storage.o
  LD      drivers/usb/storage/ums-alauda.o
  LD      drivers/usb/storage/ums-cypress.o
  LD      drivers/usb/storage/ums-datafab.o
  LD      drivers/usb/storage/ums-eneub6250.o
  LD      drivers/usb/storage/ums-freecom.o
  LD      drivers/usb/storage/ums-isd200.o
  LD      drivers/usb/storage/ums-jumpshot.o
  LD      drivers/usb/storage/ums-karma.o
  LD      drivers/usb/storage/ums-onetouch.o
  LD      drivers/usb/storage/ums-sddr09.o
  LD      drivers/usb/storage/ums-sddr55.o
  LD      drivers/usb/storage/ums-usbat.o
  LD      drivers/usb/storage/built-in.o
  CC      drivers/usb/usb-common.o
  CC      net/ipv6/xfrm6_output.o
  LD      drivers/usb/built-in.o
  CC      drivers/video/fb_notify.o
  CC      drivers/video/fbmem.o
  CC      net/ipv6/netfilter.o
  CC      net/ipv6/fib6_rules.o
  CC      drivers/video/fbmon.o
  CC      drivers/video/fbcmap.o
  CC      net/ipv6/proc.o
  CC      drivers/video/fbsysfs.o
  CC      net/ipv6/ah6.o
  CC      drivers/video/modedb.o
  CC      drivers/video/fbcvt.o
  CC      net/ipv6/esp6.o
  CC      drivers/video/backlight/lcd.o
  CC      drivers/video/backlight/backlight.o
  CC      net/ipv6/ipcomp6.o
  LD      drivers/video/backlight/built-in.o
  CC      drivers/video/console/dummycon.o
  LD      drivers/video/console/built-in.o
  CC      drivers/video/msm/mdss/mdss_dsi.o
  CC      net/ipv6/xfrm6_tunnel.o
  CC      net/ipv6/tunnel6.o
  CC      drivers/video/msm/mdss/mdss_dsi_host.o
  CC      net/ipv6/xfrm6_mode_transport.o
  CC      net/ipv6/xfrm6_mode_tunnel.o
  CC      net/ipv6/xfrm6_mode_beet.o
  CC      drivers/video/msm/mdss/mdss_dsi_cmd.o
  CC      drivers/video/msm/mdss/mdss_dsi_status.o
  CC      net/ipv6/mip6.o
  CC      drivers/video/msm/mdss/mdss_samsung_oled_cmd_hd_wqhd_panel.o
  CC      net/ipv6/netfilter/ip6_tables.o
  CC      net/ipv6/netfilter/ip6table_filter.o
  CC      drivers/video/msm/mdss/smart_mtp_s6e3.o
  CC      net/ipv6/netfilter/ip6table_mangle.o
  CC      net/ipv6/netfilter/ip6table_raw.o
  CC      net/ipv6/netfilter/nf_conntrack_l3proto_ipv6.o
  CC      net/ipv6/netfilter/nf_conntrack_proto_icmpv6.o
  CC      drivers/video/msm/mdss/msm_mdss_io_8974.o
  CC      net/ipv6/netfilter/nf_defrag_ipv6_hooks.o
  CC      drivers/video/msm/mdss/mdss_mdp.o
  CC      net/ipv6/netfilter/nf_conntrack_reasm.o
  CC      net/ipv6/netfilter/ip6t_REJECT.o
  LD      net/ipv6/netfilter/nf_conntrack_ipv6.o
  LD      net/ipv6/netfilter/nf_defrag_ipv6.o
  LD      net/ipv6/netfilter/built-in.o
  CC      net/ipv6/sit.o
  CC      drivers/video/msm/mdss/mdss_mdp_ctl.o
  CC      net/ipv6/addrconf_core.o
  CC      net/ipv6/exthdrs_core.o
  CC      net/ipv6/inet6_hashtables.o
  CC      drivers/video/msm/mdss/mdss_mdp_pipe.o
  LD      net/ipv6/ipv6.o
  LD      net/ipv6/built-in.o
  CC      net/key/af_key.o
  CC      drivers/video/msm/mdss/mdss_mdp_util.o
  CC      drivers/video/msm/mdss/dsi_status_6g.o
  CC      drivers/video/msm/mdss/mdss_mdp_pp.o
  LD      net/key/built-in.o
  CC      net/llc/llc_core.o
  CC      net/llc/llc_input.o
  CC      net/llc/llc_output.o
  LD      net/llc/llc.o
  LD      net/llc/built-in.o
  CC      net/netfilter/core.o
  CC      net/netfilter/nf_log.o
  CC      net/netfilter/nf_queue.o
  CC      drivers/video/msm/mdss/mdss_mdp_intf_video.o
  CC      net/netfilter/nf_sockopt.o
  CC      drivers/video/msm/mdss/mdss_mdp_intf_cmd.o
  CC      net/netfilter/nf_conntrack_core.o
  CC      drivers/video/msm/mdss/mdss_mdp_intf_writeback.o
  CC      drivers/video/msm/mdss/mdss_mdp_rotator.o
  CC      net/netfilter/nf_conntrack_standalone.o
  CC      net/netfilter/nf_conntrack_expect.o
  CC      drivers/video/msm/mdss/mdss_mdp_overlay.o
  CC      net/netfilter/nf_conntrack_helper.o
  CC      net/netfilter/nf_conntrack_proto.o
  CC      net/netfilter/nf_conntrack_l3proto_generic.o
  CC      drivers/video/msm/mdss/mdss_mdp_splash_logo.o
  CC      net/netfilter/nf_conntrack_proto_generic.o
  CC      drivers/video/msm/mdss/mdss_mdp_wb.o
  CC      net/netfilter/nf_conntrack_proto_tcp.o
  CC      drivers/video/msm/mdss/mdss_debug.o
  CC      drivers/video/msm/mdss/mdss_debug_xlog.o
  CC      net/netfilter/nf_conntrack_proto_udp.o
  CC      drivers/video/msm/mdss/xlog.o
  CC      net/netfilter/nf_conntrack_extend.o
  CC      drivers/video/msm/mdss/mdnie_lite_tuning.o
  CC      net/netfilter/nf_conntrack_acct.o
  LD      drivers/video/msm/mdss/mdss-dsi.o
  CC      drivers/video/msm/mdss/mdss_io_util.o
  CC      net/netfilter/nf_conntrack_ecache.o
  CC      drivers/video/msm/mdss/mdss_hdmi_tx.o
  CC      net/netfilter/nf_conntrack_h323_main.o
  CC      net/netfilter/nf_conntrack_h323_asn1.o
  CC      drivers/video/msm/mdss/mdss_hdmi_util.o
  CC      net/netfilter/nfnetlink.o
  CC      net/netfilter/nfnetlink_queue.o
  CC      drivers/video/msm/mdss/mdss_hdmi_edid.o
  CC      net/netfilter/nfnetlink_log.o
  CC      drivers/video/msm/mdss/mdss_hdmi_hdcp.o
  LD      net/netfilter/nf_conntrack.o
  CC      net/netfilter/nf_conntrack_proto_dccp.o
  CC      drivers/video/msm/mdss/mdss_hdmi_cec.o
  CC      net/netfilter/nf_conntrack_proto_gre.o
  CC      drivers/video/msm/mdss/mdss_wb.o
  CC      net/netfilter/nf_conntrack_proto_sctp.o
  CC      drivers/video/msm/mdss/mdss_fb.o
  CC      net/netfilter/nf_conntrack_proto_udplite.o
  CC      net/netfilter/nf_conntrack_netlink.o
  LD      drivers/video/msm/mdss/mdss-mdp.o
  LD      drivers/video/msm/mdss/built-in.o
  CC      drivers/video/msm/mhl_v2/sii8240/sii8240.o
  CC      net/netfilter/nf_conntrack_amanda.o
  CC      net/netfilter/nf_conntrack_ftp.o
  CC      drivers/video/msm/mhl_v2/sii8240/sii8240_platform.o
  LD      net/netfilter/nf_conntrack_h323.o
  CC      net/netfilter/nf_conntrack_irc.o
  LD      drivers/video/msm/mhl_v2/sii8240/built-in.o
  LD      drivers/video/msm/mhl_v2/built-in.o
  LD      drivers/video/msm/built-in.o
  LD      drivers/video/omap2/displays/built-in.o
  LD      drivers/video/omap2/built-in.o
  CC      drivers/video/cfbfillrect.o
  CC      net/netfilter/nf_conntrack_broadcast.o
  CC      drivers/video/cfbcopyarea.o
  CC      drivers/video/cfbimgblt.o
  CC      net/netfilter/nf_conntrack_netbios_ns.o
  LD      drivers/video/fb.o
  LD      drivers/video/built-in.o
  CC      drivers/w1/w1.o
  CC      net/netfilter/nf_conntrack_pptp.o
  CC      net/netfilter/nf_conntrack_sane.o
  CC      drivers/w1/w1_int.o
  CC      net/netfilter/nf_conntrack_tftp.o
  CC      drivers/w1/w1_family.o
  CC      net/netfilter/nf_tproxy_core.o
  CC      drivers/w1/w1_netlink.o
  CC      drivers/w1/w1_io.o
  CC      net/netfilter/x_tables.o
  CC      drivers/w1/masters/w1-gpio-msm.o
  LD      drivers/w1/masters/built-in.o
  CC      drivers/w1/slaves/w1_ds28el15.o
  CC      net/netfilter/xt_tcpudp.o
  CC      drivers/w1/slaves/w1_ds28el15_sha256.o
  CC      net/netfilter/xt_mark.o
  LD      drivers/w1/slaves/built-in.o
  LD      drivers/w1/wire.o
  LD      drivers/w1/built-in.o
  LD      drivers/built-in.o
  CC      net/netfilter/xt_connmark.o
  CC      net/netfilter/xt_CLASSIFY.o
  CC      net/netfilter/xt_CONNSECMARK.o
  LD      arch/arm/lib/built-in.o
  AS      arch/arm/lib/ashldi3.o
  AS      arch/arm/lib/ashrdi3.o
  AS      arch/arm/lib/backtrace.o
  AS      arch/arm/lib/call_with_stack.o
  CC      net/netfilter/xt_LOG.o
  AS      arch/arm/lib/changebit.o
  AS      arch/arm/lib/clear_user.o
  AS      arch/arm/lib/clearbit.o
  AS      arch/arm/lib/copy_from_user.o
  AS      arch/arm/lib/copy_page.o
  AS      arch/arm/lib/copy_to_user.o
  AS      arch/arm/lib/csumipv6.o
  AS      arch/arm/lib/csumpartial.o
  AS      arch/arm/lib/csumpartialcopy.o
  AS      arch/arm/lib/csumpartialcopyuser.o
  AS      arch/arm/lib/delay-loop.o
  CC      arch/arm/lib/delay.o
  CC      net/netfilter/xt_NFQUEUE.o
  AS      arch/arm/lib/div64.o
  AS      arch/arm/lib/findbit.o
  AS      arch/arm/lib/getuser.o
  AS      arch/arm/lib/io-readsb.o
  AS      arch/arm/lib/io-readsl.o
  AS      arch/arm/lib/io-readsw-armv4.o
  AS      arch/arm/lib/io-writesb.o
  AS      arch/arm/lib/io-writesl.o
  AS      arch/arm/lib/io-writesw-armv4.o
  AS      arch/arm/lib/lib1funcs.o
  CC      net/netfilter/xt_TCPMSS.o
  AS      arch/arm/lib/lshrdi3.o
  AS      arch/arm/lib/memchr.o
  AS      arch/arm/lib/memcpy.o
  AS      arch/arm/lib/memmove.o
  AS      arch/arm/lib/memset.o
  AS      arch/arm/lib/memzero.o
  AS      arch/arm/lib/muldi3.o
  AS      arch/arm/lib/putuser.o
  AS      arch/arm/lib/setbit.o
  AS      arch/arm/lib/strchr.o
  AS      arch/arm/lib/strncpy_from_user.o
  AS      arch/arm/lib/strnlen_user.o
  CC      net/netfilter/xt_IDLETIMER.o
  AS      arch/arm/lib/strrchr.o
  AS      arch/arm/lib/testchangebit.o
  AS      arch/arm/lib/testclearbit.o
  AS      arch/arm/lib/testsetbit.o
  AS      arch/arm/lib/ucmpdi2.o
  AR      arch/arm/lib/lib.a
  CC      lib/bcd.o
  CC      lib/div64.o
  CC      net/netfilter/xt_comment.o
  CC      lib/sort.o
  CC      lib/parser.o
  CC      net/netfilter/xt_connlimit.o
  CC      lib/halfmd4.o
  CC      lib/debug_locks.o
  CC      lib/random32.o
  CC      lib/bust_spinlocks.o
  CC      net/netfilter/xt_conntrack.o
  CC      lib/hexdump.o
  CC      lib/kasprintf.o
  CC      lib/bitmap.o
  CC      net/netfilter/xt_dscp.o
  CC      lib/scatterlist.o
  CC      net/netfilter/xt_ecn.o
  CC      lib/string_helpers.o
  CC      lib/gcd.o
  CC      lib/lcm.o
  CC      lib/list_sort.o
  CC      net/netfilter/xt_esp.o
  CC      lib/uuid.o
  CC      lib/flex_array.o
  CC      lib/bsearch.o
  CC      lib/find_last_bit.o
  CC      net/netfilter/xt_hashlimit.o
  CC      lib/find_next_bit.o
  CC      lib/llist.o
  CC      lib/kstrtox.o
  CC      lib/pci_iomap.o
  CC      net/netfilter/xt_helper.o
  CC      lib/iomap_copy.o
  CC      lib/devres.o
  CC      net/netfilter/xt_hl.o
  CC      lib/hweight.o
  CC      lib/list_debug.o
  CC      net/netfilter/xt_iprange.o
  CC      lib/bitrev.o
  CC      lib/crc-ccitt.o
  CC      lib/crc16.o
  HOSTCC  lib/gen_crc32table
  CC      net/netfilter/xt_length.o
  CC      lib/libcrc32c.o
  CC      lib/genalloc.o
  CC      net/netfilter/xt_limit.o
  CC      lib/lzo/lzo1x_compress.o
  CC      lib/lzo/lzo1x_decompress.o
  CC      net/netfilter/xt_mac.o
  LD      lib/lzo/lzo_compress.o
  LD      lib/lzo/lzo_decompress.o
  LD      lib/lzo/built-in.o
  CC      lib/reed_solomon/reed_solomon.o
  CC      net/netfilter/xt_multiport.o
  LD      lib/reed_solomon/built-in.o
  CC      net/netfilter/xt_pkttype.o
  CC      lib/zlib_deflate/deflate.o
  CC      net/netfilter/xt_policy.o
  CC      lib/zlib_deflate/deftree.o
  CC      net/netfilter/xt_qtaguid_print.o
  CC      lib/zlib_deflate/deflate_syms.o
  LD      lib/zlib_deflate/zlib_deflate.o
  LD      lib/zlib_deflate/built-in.o
  CC      lib/zlib_inflate/inffast.o
  CC      lib/zlib_inflate/inflate.o
  CC      net/netfilter/xt_qtaguid.o
  CC      lib/zlib_inflate/infutil.o
  CC      lib/zlib_inflate/inftrees.o
  CC      lib/zlib_inflate/inflate_syms.o
  LD      lib/zlib_inflate/zlib_inflate.o
  LD      lib/zlib_inflate/built-in.o
  CC      lib/textsearch.o
  CC      lib/ts_kmp.o
  CC      lib/ts_bm.o
  CC      lib/ts_fsm.o
  CC      net/netfilter/xt_quota.o
  CC      lib/percpu_counter.o
  CC      lib/audit.o
  CC      net/netfilter/xt_quota2.o
  CC      lib/dynamic_debug.o
  CC      net/netfilter/xt_socket.o
  CC      lib/nlattr.o
  CC      net/netfilter/xt_state.o
  CC      lib/cpu_rmap.o
  CC      net/netfilter/xt_statistic.o
  CC      lib/dynamic_queue_limits.o
  CC      net/netfilter/xt_string.o
  CC      lib/qmi_encdec.o
  CC      lib/argv_split.o
  CC      net/netfilter/xt_time.o
  CC      lib/bug.o
  CC      lib/cmdline.o
  CC      net/netfilter/xt_u32.o
  CC      lib/cpumask.o
  CC      lib/ctype.o
  CC      lib/dec_and_lock.o
  LD      net/netfilter/netfilter.o
  CC      lib/decompress.o
  LD      net/netfilter/built-in.o
  CC      lib/decompress_bunzip2.o
  CC      net/netlink/af_netlink.o
  CC      lib/decompress_inflate.o
  CC      lib/decompress_unlzma.o
  CC      lib/dump_stack.o
  CC      net/netlink/genetlink.o
  CC      lib/extable.o
  CC      lib/idr.o
  LD      net/netlink/built-in.o
  CC      net/packet/af_packet.o
  CC      lib/int_sqrt.o
  CC      lib/ioremap.o
  CC      lib/irq_regs.o
  CC      lib/is_single_threaded.o
  CC      lib/klist.o
  CC      lib/kobject.o
  CC      lib/kobject_uevent.o
  LD      net/packet/built-in.o
  CC      net/rfkill/core.o
  CC      lib/md5.o
  CC      lib/memory_alloc.o
  LD      net/rfkill/rfkill.o
  LD      net/rfkill/built-in.o
  CC      net/sched/sch_generic.o
  CC      lib/plist.o
  CC      lib/prio_heap.o
  CC      lib/prio_tree.o
  CC      lib/proportions.o
  CC      net/sched/sch_mq.o
  CC      lib/radix-tree.o
  CC      net/sched/sch_api.o
  CC      lib/ratelimit.o
  CC      lib/rbtree.o
  CC      lib/reciprocal_div.o
  CC      lib/rwsem-spinlock.o
  CC      lib/sha1.o
  CC      lib/show_mem.o
  CC      net/sched/sch_blackhole.o
  CC      lib/string.o
  CC      lib/timerqueue.o
  CC      net/sched/cls_api.o
  CC      lib/vsprintf.o
  CC      net/sched/act_api.o
  GEN     lib/crc32table.h
  AR      lib/lib.a
  CC      lib/crc32.o
  CC      net/sched/sch_fifo.o
  LD      lib/built-in.o
  CC      net/sched/sch_htb.o
  CC      net/sched/sch_prio.o
  CC      net/sched/cls_u32.o
  CC      net/sched/cls_fw.o
  CC      net/unix/af_unix.o
  CC      net/sched/cls_flow.o
  CC      net/sched/ematch.o
  CC      net/unix/garbage.o
  CC      net/sched/em_cmp.o
  CC      net/unix/sysctl_net_unix.o
  CC      net/sched/em_nbyte.o
  LD      net/unix/unix.o
  CC      net/sched/em_u32.o
  LD      net/unix/built-in.o
  CC      net/wireless/core.o
  CC      net/sched/em_meta.o
  CC      net/sched/em_text.o
  CC      net/wireless/sysfs.o
  CC      net/wireless/radiotap.o
  LD      net/sched/built-in.o
  CC      net/xfrm/xfrm_policy.o
  CC      net/wireless/util.o
  CC      net/wireless/reg.o
  CC      net/xfrm/xfrm_state.o
  CC      net/wireless/scan.o
  CC      net/wireless/nl80211.o
  CC      net/xfrm/xfrm_hash.o
  CC      net/xfrm/xfrm_input.o
  CC      net/xfrm/xfrm_output.o
  CC      net/xfrm/xfrm_algo.o
  CC      net/xfrm/xfrm_sysctl.o
  CC      net/xfrm/xfrm_replay.o
  CC      net/xfrm/xfrm_user.o
  CC      net/wireless/mlme.o
  CC      net/wireless/ibss.o
  CC      net/xfrm/xfrm_ipcomp.o
  CC      net/wireless/sme.o
  LD      net/xfrm/built-in.o
  CC      net/wireless/chan.o
  CC      net/sysctl_net.o
  CC      net/wireless/ethtool.o
  CC      net/activity_stats.o
  CC      net/wireless/mesh.o
  CC      net/wireless/wext-compat.o
  CC      net/wireless/wext-sme.o
  CC      net/wireless/wext-core.o
  CC      net/wireless/wext-proc.o
  LD      net/wireless/cfg80211.o
  LD      net/wireless/built-in.o
  LD      net/built-in.o
  LD      vmlinux.o
  MODPOST vmlinux.o
  GEN     .version
  CHK     include/generated/compile.h
  UPD     include/generated/compile.h
  CC      init/version.o
  LD      init/built-in.o
  LD      .tmp_vmlinux1
  KSYM    .tmp_kallsyms1.S
  AS      .tmp_kallsyms1.o
  LD      .tmp_vmlinux2
  KSYM    .tmp_kallsyms2.S
  AS      .tmp_kallsyms2.o
  LD      vmlinux
  SYSMAP  System.map
  SYSMAP  .tmp_System.map
  FIPS : Generating hmac of crypto and updating vmlinux... 
HMAC-SHA256(builtime_bytes.bin)= 7ce9294ce4b76b3d7b0a262a8cac813a9b0f0bf293c342bffc2a4ab65a1d76c4
  OBJCOPY arch/arm/boot/Image
  Kernel: arch/arm/boot/Image is ready
  AS      arch/arm/boot/compressed/head.o
  LZO     arch/arm/boot/compressed/piggy.lzo
  CC      arch/arm/boot/compressed/misc.o
  CC      arch/arm/boot/compressed/decompress.o
  CC      arch/arm/boot/compressed/string.o
  SHIPPED arch/arm/boot/compressed/lib1funcs.S
  SHIPPED arch/arm/boot/compressed/ashldi3.S
  AS      arch/arm/boot/compressed/lib1funcs.o
  AS      arch/arm/boot/compressed/ashldi3.o
  AS      arch/arm/boot/compressed/piggy.lzo.o
  LD      arch/arm/boot/compressed/vmlinux
  OBJCOPY arch/arm/boot/zImage
  Kernel: arch/arm/boot/zImage is ready
  CAT     arch/arm/boot/zImage-dtb
  Kernel: arch/arm/boot/zImage-dtb is ready
make: Leaving directory `/home/zparallax/dev/amplitude_tw'
rm files in : ../okernel_tw/arch/arm/boot/*-zImage
rm: cannot remove ‘../okernel_tw/arch/arm/boot/*-zImage’: No such file or directory
rm files in : ../okernel_tw/arch/arm/boot/*.dtb

dts : /home/zparallax/dev/amplitude_tw/arch/arm/boot/dts/msm8974pro/msm8974pro-ac-sec-k-r03.dts
dtb : ../okernel_tw/arch/arm/boot/msm8974pro-ac-sec-k-r03.dtb
out : ../okernel_tw/arch/arm/boot/msm8974pro-ac-sec-k-r03-zImage

Warning (reg_format): "reg" property in /soc/i2c@f9967000/isa1200@48 has invalid length (4 bytes) (#address-cells == 2, #size-cells == 1)
Warning (avoid_default_addr_size): Relying on default #address-cells value for /soc/i2c@f9967000/isa1200@48
Warning (avoid_default_addr_size): Relying on default #size-cells value for /soc/i2c@f9967000/isa1200@48

dts : /home/zparallax/dev/amplitude_tw/arch/arm/boot/dts/msm8974pro/msm8974pro-ac-sec-k-r04.dts
dtb : ../okernel_tw/arch/arm/boot/msm8974pro-ac-sec-k-r04.dtb
out : ../okernel_tw/arch/arm/boot/msm8974pro-ac-sec-k-r04-zImage

Warning (reg_format): "reg" property in /soc/i2c@f9967000/isa1200@48 has invalid length (4 bytes) (#address-cells == 2, #size-cells == 1)
Warning (avoid_default_addr_size): Relying on default #address-cells value for /soc/i2c@f9967000/isa1200@48
Warning (avoid_default_addr_size): Relying on default #size-cells value for /soc/i2c@f9967000/isa1200@48

dts : /home/zparallax/dev/amplitude_tw/arch/arm/boot/dts/msm8974pro/msm8974pro-ac-sec-k-r05.dts
dtb : ../okernel_tw/arch/arm/boot/msm8974pro-ac-sec-k-r05.dtb
out : ../okernel_tw/arch/arm/boot/msm8974pro-ac-sec-k-r05-zImage

Warning (reg_format): "reg" property in /soc/i2c@f9967000/isa1200@48 has invalid length (4 bytes) (#address-cells == 2, #size-cells == 1)
Warning (avoid_default_addr_size): Relying on default #address-cells value for /soc/i2c@f9967000/isa1200@48
Warning (avoid_default_addr_size): Relying on default #size-cells value for /soc/i2c@f9967000/isa1200@48

dts : /home/zparallax/dev/amplitude_tw/arch/arm/boot/dts/msm8974pro/msm8974pro-ac-sec-k-r06.dts
dtb : ../okernel_tw/arch/arm/boot/msm8974pro-ac-sec-k-r06.dtb
out : ../okernel_tw/arch/arm/boot/msm8974pro-ac-sec-k-r06-zImage

Warning (reg_format): "reg" property in /soc/i2c@f9967000/isa1200@48 has invalid length (4 bytes) (#address-cells == 2, #size-cells == 1)
Warning (avoid_default_addr_size): Relying on default #address-cells value for /soc/i2c@f9967000/isa1200@48
Warning (avoid_default_addr_size): Relying on default #size-cells value for /soc/i2c@f9967000/isa1200@48

dts : /home/zparallax/dev/amplitude_tw/arch/arm/boot/dts/msm8974pro/msm8974pro-ac-sec-k-r07.dts
dtb : ../okernel_tw/arch/arm/boot/msm8974pro-ac-sec-k-r07.dtb
out : ../okernel_tw/arch/arm/boot/msm8974pro-ac-sec-k-r07-zImage

Warning (reg_format): "reg" property in /soc/i2c@f9967000/isa1200@48 has invalid length (4 bytes) (#address-cells == 2, #size-cells == 1)
Warning (avoid_default_addr_size): Relying on default #address-cells value for /soc/i2c@f9967000/isa1200@48
Warning (avoid_default_addr_size): Relying on default #size-cells value for /soc/i2c@f9967000/isa1200@48

dts : /home/zparallax/dev/amplitude_tw/arch/arm/boot/dts/msm8974pro/msm8974pro-ac-sec-k-r08.dts
dtb : ../okernel_tw/arch/arm/boot/msm8974pro-ac-sec-k-r08.dtb
out : ../okernel_tw/arch/arm/boot/msm8974pro-ac-sec-k-r08-zImage

Warning (reg_format): "reg" property in /soc/i2c@f9967000/isa1200@48 has invalid length (4 bytes) (#address-cells == 2, #size-cells == 1)
Warning (avoid_default_addr_size): Relying on default #address-cells value for /soc/i2c@f9967000/isa1200@48
Warning (avoid_default_addr_size): Relying on default #size-cells value for /soc/i2c@f9967000/isa1200@48

dts : /home/zparallax/dev/amplitude_tw/arch/arm/boot/dts/msm8974pro/msm8974pro-ac-sec-k-r14.dts
dtb : ../okernel_tw/arch/arm/boot/msm8974pro-ac-sec-k-r14.dtb
out : ../okernel_tw/arch/arm/boot/msm8974pro-ac-sec-k-r14-zImage

Warning (reg_format): "reg" property in /soc/i2c@f9967000/isa1200@48 has invalid length (4 bytes) (#address-cells == 2, #size-cells == 1)
Warning (avoid_default_addr_size): Relying on default #address-cells value for /soc/i2c@f9967000/isa1200@48
Warning (avoid_default_addr_size): Relying on default #size-cells value for /soc/i2c@f9967000/isa1200@48

=================================
START : FUNC_BUILD_DTIMAGE_TARGET
=================================

DT image target : ../okernel_tw/dt.img
../kernel/tools/dtbTool -o ../okernel_tw/dt.img -s 2048 		-p ../okernel_tw/scripts/dtc/ ../okernel_tw/arch/arm/boot/
DTB combiner:
  Input directory: '../okernel_tw/arch/arm/boot/'
  Output file: '../okernel_tw/dt.img'
Found file: msm8974pro-ac-sec-k-r07.dtb ...  Old Version:1
chipset: 3255369473, rev: 65536, platform: 7, subtype: 0
Found file: msm8974pro-ac-sec-k-r14.dtb ...  Old Version:1
chipset: 3255369473, rev: 65536, platform: 14, subtype: 0
Found file: msm8974pro-ac-sec-k-r05.dtb ...  Old Version:1
chipset: 3255369473, rev: 65536, platform: 5, subtype: 0
Found file: msm8974pro-ac-sec-k-r06.dtb ...  Old Version:1
chipset: 3255369473, rev: 65536, platform: 6, subtype: 0
Found file: msm8974pro-ac-sec-k-r04.dtb ...  Old Version:1
chipset: 3255369473, rev: 65536, platform: 4, subtype: 0
Found file: msm8974pro-ac-sec-k-r03.dtb ...  Old Version:1
chipset: 3255369473, rev: 65536, platform: 3, subtype: 0
Found file: msm8974pro-ac-sec-k-r08.dtb ...  Old Version:1
chipset: 3255369473, rev: 65536, platform: 8, subtype: 0
=> Found 7 unique DTB(s)

Generating master DTB... 
 (writing '../okernel_tw/arch/arm/boot/msm8974pro-ac-sec-k-r03.dtb' - 260096 bytes) 
 (writing '../okernel_tw/arch/arm/boot/msm8974pro-ac-sec-k-r04.dtb' - 264192 bytes) 
 (writing '../okernel_tw/arch/arm/boot/msm8974pro-ac-sec-k-r05.dtb' - 264192 bytes) 
 (writing '../okernel_tw/arch/arm/boot/msm8974pro-ac-sec-k-r06.dtb' - 264192 bytes) 
 (writing '../okernel_tw/arch/arm/boot/msm8974pro-ac-sec-k-r07.dtb' - 264192 bytes) 
 (writing '../okernel_tw/arch/arm/boot/msm8974pro-ac-sec-k-r08.dtb' - 264192 bytes) 
 (writing '../okernel_tw/arch/arm/boot/msm8974pro-ac-sec-k-r14.dtb' - 264192 bytes) Total wrote 1847296 bytes
completed

=================================
END   : FUNC_BUILD_DTIMAGE_TARGET
=================================


=================================
END   : FUNC_BUILD_KERNEL
=================================


===================================
START : FUNC_MKBOOTIMG
===================================

Making boot.img ...
	../kernel/tools/mkbootimg --kernel ../okernel_tw/arch/arm/boot/zImage 			--ramdisk ../okernel_tw/ramdisk.gz 			--output ../okernel_tw/boot.img 			--cmdline console=ttyHSL0,115200,n8 androidboot.hardware=qcom user_debug=31 msm_rtb.filter=0x37 ehci-hcd.park=3 			--base 0x00000000 			--pagesize 2048 			--ramdisk_offset 0x02000000 			--tags_offset 0x01E00000 			--dt ../okernel_tw/dt.img

=================================================
-->Note, copy to ../../output/ directory
=================================================
rm: cannot remove ‘./amplitude_tw_klte_eur_NONCERT.zip’: No such file or directory
  adding: META-INF/ (stored 0%)
  adding: META-INF/com/ (stored 0%)
  adding: META-INF/com/google/ (stored 0%)
  adding: META-INF/com/google/android/ (stored 0%)
  adding: META-INF/com/google/android/update-binary (deflated 36%)
  adding: META-INF/com/google/android/updater-script (deflated 62%)
  adding: boot.img (deflated 17%)
  adding: system/ (stored 0%)

===================================
END   : FUNC_MKBOOTIMG
===================================

Total compile time is 430 seconds
